<!DOCTYPE html PUBLIC "-//W3C//DTD XHTML 1.1//EN" "http://www.w3.org/TR/xhtml11/DTD/xhtml11.dtd">
<html xmlns="http://www.w3.org/1999/xhtml"><head><title>TestNG Report</title><style type="text/css">table {margin-bottom:10px;border-collapse:collapse;empty-cells:show}th,td {border:1px solid #009;padding:.25em .5em}th {vertical-align:bottom}td {vertical-align:top}table a {font-weight:bold}.stripe td {background-color: #E6EBF9}.num {text-align:right}.passedodd td {background-color: #3F3}.passedeven td {background-color: #0A0}.skippedodd td {background-color: #DDD}.skippedeven td {background-color: #CCC}.failedodd td,.attn {background-color: #F33}.failedeven td,.stripe .attn {background-color: #D00}.stacktrace {white-space:pre;font-family:monospace}.totop {font-size:85%;text-align:center;border-bottom:2px solid #000}</style></head><body><table><tr><th>Test</th><th># Passed</th><th># Skipped</th><th># Failed</th><th>Time (ms)</th><th>Included Groups</th><th>Excluded Groups</th></tr><tr><th colspan="7">Suite</th></tr><tr><td><a href="#t0">Test1</a></td><td class="num">1</td><td class="num">0</td><td class="num attn">1</td><td class="num">16,628</td><td></td><td></td></tr><tr class="stripe"><td><a href="#t1">Test2</a></td><td class="num">0</td><td class="num">0</td><td class="num attn">4</td><td class="num">35,940</td><td></td><td></td></tr><tr><td><a href="#t2">Test3</a></td><td class="num">1</td><td class="num">0</td><td class="num attn">6</td><td class="num">158,405</td><td></td><td></td></tr><tr><th>Total</th><th class="num">2</th><th class="num">0</th><th class="num attn">11</th><th class="num">210,973</th><th colspan="2"></th></tr></table><table id='summary'><thead><tr><th>Class</th><th>Method</th><th>Start</th><th>Time (ms)</th></tr></thead><tbody><tr><th colspan="4">Suite</th></tr></tbody><tbody id="t0"><tr><th colspan="4">Test1 &#8212; failed</th></tr><tr class="failedeven"><td rowspan="1">testClasses.Login</td><td><a href="#m0">login</a></td><td rowspan="1">1505900294479</td><td rowspan="1">3555</td></tr><tr><th colspan="4">Test1 &#8212; passed</th></tr><tr class="passedeven"><td rowspan="1">testClasses.Login</td><td><a href="#m1">login</a></td><td rowspan="1">1505900291012</td><td rowspan="1">3465</td></tr></tbody><tbody id="t1"><tr><th colspan="4">Test2 &#8212; failed</th></tr><tr class="failedeven"><td rowspan="4">testClasses.Search</td><td><a href="#m2">searchTest</a></td><td rowspan="4">1505900331112</td><td rowspan="4">76</td></tr><tr class="failedeven"><td><a href="#m3">searchTest</a></td></tr><tr class="failedeven"><td><a href="#m4">searchTest</a></td></tr><tr class="failedeven"><td><a href="#m5">searchTest</a></td></tr></tbody><tbody id="t2"><tr><th colspan="4">Test3 &#8212; failed</th></tr><tr class="failedeven"><td rowspan="6">testClasses.SocialLogin</td><td><a href="#m6">facebookLogin</a></td><td rowspan="2">1505900463661</td><td rowspan="2">10087</td></tr><tr class="failedeven"><td><a href="#m7">facebookLogin</a></td></tr><tr class="failedeven"><td><a href="#m8">linkdinLogin</a></td><td rowspan="2">1505900453405</td><td rowspan="2">10154</td></tr><tr class="failedeven"><td><a href="#m9">linkdinLogin</a></td></tr><tr class="failedeven"><td><a href="#m10">twitterLogin</a></td><td rowspan="2">1505900411462</td><td rowspan="2">29823</td></tr><tr class="failedeven"><td><a href="#m11">twitterLogin</a></td></tr><tr><th colspan="4">Test3 &#8212; passed</th></tr><tr class="passedeven"><td rowspan="1">testClasses.SocialLogin</td><td><a href="#m12">gmailLogin</a></td><td rowspan="1">1505900339891</td><td rowspan="1">38088</td></tr></tbody></table><h2>Test1</h2><h3 id="m0">testClasses.Login#login</h3><table class="result"><tr class="param"><th>Parameter #1</th><th>Parameter #2</th></tr><tr class="param stripe"><td>khanfiroj.01@gmail.com</td><td>Leeco1</td></tr><tr><th colspan="2">Messages</th></tr><tr><td colspan="2"><div class="messages">STEP2</div></td></tr><tr><th colspan="2">Exception</th></tr><tr><td colspan="2"><div class="stacktrace">java.lang.AssertionError: The following asserts failed:
	expected [Find a Flight: Mercury Tours:] but found [Sign-on: Mercury Tours]
	at testClasses.Login.login(Login.java:48)
... Removed 26 stack frames</div></td></tr></table><p class="totop"><a href="#summary">back to summary</a></p><h3 id="m1">testClasses.Login#login</h3><table class="result"><tr class="param"><th>Parameter #1</th><th>Parameter #2</th></tr><tr class="param stripe"><td>khanfiroj</td><td>Leeco1s</td></tr><tr><th colspan="2">Messages</th></tr><tr><td colspan="2"><div class="messages">STEP1</div></td></tr></table><p class="totop"><a href="#summary">back to summary</a></p><h2>Test2</h2><h3 id="m2">testClasses.Search#searchTest</h3><table class="result"><tr class="param"><th>Parameter #1</th></tr><tr class="param stripe"><td>Bangalore</td></tr><tr><th>Exception</th></tr><tr><td><div class="stacktrace">org.openqa.selenium.WebDriverException: unknown error: Element &lt;input type=&quot;search&quot; autocomplete=&quot;off&quot; value=&quot;&quot; placeholder=&quot;Search&quot; name=&quot;mssearch&quot; id=&quot;s&quot; class=&quot;searchbox-input search-box-field&quot; onkeyup=&quot;buttonUp();&quot; required=&quot;&quot;&gt; is not clickable at point (1511, 92). Other element would receive the click: &lt;span class=&quot;searchbox-icon&quot;&gt;&lt;/span&gt;
  (Session info: chrome=60.0.3112.113)
  (Driver info: chromedriver=2.31.488763 (092de99f48a300323ecf8c2a4e2e7cab51de5ba8),platform=Windows NT 6.3.9600 x86_64) (WARNING: The server did not provide any stacktrace information)
Command duration or timeout: 27 milliseconds
Build info: version: &apos;3.4.0&apos;, revision: &apos;unknown&apos;, time: &apos;unknown&apos;
System info: host: &apos;FIROZKHAN&apos;, ip: &apos;169.254.164.196&apos;, os.name: &apos;Windows 8.1&apos;, os.arch: &apos;amd64&apos;, os.version: &apos;6.3&apos;, java.version: &apos;1.8.0_131&apos;
Driver info: org.openqa.selenium.chrome.ChromeDriver
Capabilities [{applicationCacheEnabled=false, rotatable=false, mobileEmulationEnabled=false, networkConnectionEnabled=false, chrome={chromedriverVersion=2.31.488763 (092de99f48a300323ecf8c2a4e2e7cab51de5ba8), userDataDir=C:\Users\firoz\AppData\Local\Temp\scoped_dir6040_31646}, takesHeapSnapshot=true, pageLoadStrategy=normal, databaseEnabled=false, handlesAlerts=true, hasTouchScreen=false, version=60.0.3112.113, platform=WIN8_1, browserConnectionEnabled=false, nativeEvents=true, acceptSslCerts=true, locationContextEnabled=true, webStorageEnabled=true, browserName=chrome, takesScreenshot=true, javascriptEnabled=true, cssSelectorsEnabled=true, setWindowRect=true, unexpectedAlertBehaviour=}]
Session ID: a6992436c8f288eb1202aaaeb92eefe2
	at org.openqa.selenium.remote.ErrorHandler.createThrowable(ErrorHandler.java:215)
	at org.openqa.selenium.remote.ErrorHandler.throwIfResponseFailed(ErrorHandler.java:167)
	at org.openqa.selenium.remote.RemoteWebDriver.execute(RemoteWebDriver.java:671)
	at org.openqa.selenium.remote.RemoteWebElement.execute(RemoteWebElement.java:272)
	at org.openqa.selenium.remote.RemoteWebElement.click(RemoteWebElement.java:82)
	at org.openqa.selenium.support.pagefactory.internal.LocatingElementHandler.invoke(LocatingElementHandler.java:51)
	at com.sun.proxy.$Proxy8.click(Unknown Source)
	at pom.pages.SearchPage.search(SearchPage.java:31)
	at testClasses.Search.searchTest(Search.java:39)
... Removed 33 stack frames</div></td></tr></table><p class="totop"><a href="#summary">back to summary</a></p><h3 id="m3">testClasses.Search#searchTest</h3><table class="result"><tr class="param"><th>Parameter #1</th></tr><tr class="param stripe"><td>sjdhfjk</td></tr><tr><th>Exception</th></tr><tr><td><div class="stacktrace">org.openqa.selenium.WebDriverException: unknown error: Element &lt;input type=&quot;search&quot; autocomplete=&quot;off&quot; value=&quot;&quot; placeholder=&quot;Search&quot; name=&quot;mssearch&quot; id=&quot;s&quot; class=&quot;searchbox-input search-box-field&quot; onkeyup=&quot;buttonUp();&quot; required=&quot;&quot;&gt; is not clickable at point (1511, 92). Other element would receive the click: &lt;span class=&quot;searchbox-icon&quot;&gt;&lt;/span&gt;
  (Session info: chrome=60.0.3112.113)
  (Driver info: chromedriver=2.31.488763 (092de99f48a300323ecf8c2a4e2e7cab51de5ba8),platform=Windows NT 6.3.9600 x86_64) (WARNING: The server did not provide any stacktrace information)
Command duration or timeout: 26 milliseconds
Build info: version: &apos;3.4.0&apos;, revision: &apos;unknown&apos;, time: &apos;unknown&apos;
System info: host: &apos;FIROZKHAN&apos;, ip: &apos;169.254.164.196&apos;, os.name: &apos;Windows 8.1&apos;, os.arch: &apos;amd64&apos;, os.version: &apos;6.3&apos;, java.version: &apos;1.8.0_131&apos;
Driver info: org.openqa.selenium.chrome.ChromeDriver
Capabilities [{applicationCacheEnabled=false, rotatable=false, mobileEmulationEnabled=false, networkConnectionEnabled=false, chrome={chromedriverVersion=2.31.488763 (092de99f48a300323ecf8c2a4e2e7cab51de5ba8), userDataDir=C:\Users\firoz\AppData\Local\Temp\scoped_dir6040_31646}, takesHeapSnapshot=true, pageLoadStrategy=normal, databaseEnabled=false, handlesAlerts=true, hasTouchScreen=false, version=60.0.3112.113, platform=WIN8_1, browserConnectionEnabled=false, nativeEvents=true, acceptSslCerts=true, locationContextEnabled=true, webStorageEnabled=true, browserName=chrome, takesScreenshot=true, javascriptEnabled=true, cssSelectorsEnabled=true, setWindowRect=true, unexpectedAlertBehaviour=}]
Session ID: a6992436c8f288eb1202aaaeb92eefe2
	at org.openqa.selenium.remote.ErrorHandler.createThrowable(ErrorHandler.java:215)
	at org.openqa.selenium.remote.ErrorHandler.throwIfResponseFailed(ErrorHandler.java:167)
	at org.openqa.selenium.remote.RemoteWebDriver.execute(RemoteWebDriver.java:671)
	at org.openqa.selenium.remote.RemoteWebElement.execute(RemoteWebElement.java:272)
	at org.openqa.selenium.remote.RemoteWebElement.click(RemoteWebElement.java:82)
	at org.openqa.selenium.support.pagefactory.internal.LocatingElementHandler.invoke(LocatingElementHandler.java:51)
	at com.sun.proxy.$Proxy8.click(Unknown Source)
	at pom.pages.SearchPage.search(SearchPage.java:31)
	at testClasses.Search.searchTest(Search.java:39)
... Removed 33 stack frames</div></td></tr></table><p class="totop"><a href="#summary">back to summary</a></p><h3 id="m4">testClasses.Search#searchTest</h3><table class="result"><tr class="param"><th>Parameter #1</th></tr><tr class="param stripe"><td>happiestminds</td></tr><tr><th>Exception</th></tr><tr><td><div class="stacktrace">org.openqa.selenium.WebDriverException: unknown error: Element &lt;input type=&quot;search&quot; autocomplete=&quot;off&quot; value=&quot;&quot; placeholder=&quot;Search&quot; name=&quot;mssearch&quot; id=&quot;s&quot; class=&quot;searchbox-input search-box-field&quot; onkeyup=&quot;buttonUp();&quot; required=&quot;&quot;&gt; is not clickable at point (1511, 92). Other element would receive the click: &lt;span class=&quot;searchbox-icon&quot;&gt;&lt;/span&gt;
  (Session info: chrome=60.0.3112.113)
  (Driver info: chromedriver=2.31.488763 (092de99f48a300323ecf8c2a4e2e7cab51de5ba8),platform=Windows NT 6.3.9600 x86_64) (WARNING: The server did not provide any stacktrace information)
Command duration or timeout: 112 milliseconds
Build info: version: &apos;3.4.0&apos;, revision: &apos;unknown&apos;, time: &apos;unknown&apos;
System info: host: &apos;FIROZKHAN&apos;, ip: &apos;169.254.164.196&apos;, os.name: &apos;Windows 8.1&apos;, os.arch: &apos;amd64&apos;, os.version: &apos;6.3&apos;, java.version: &apos;1.8.0_131&apos;
Driver info: org.openqa.selenium.chrome.ChromeDriver
Capabilities [{applicationCacheEnabled=false, rotatable=false, mobileEmulationEnabled=false, networkConnectionEnabled=false, chrome={chromedriverVersion=2.31.488763 (092de99f48a300323ecf8c2a4e2e7cab51de5ba8), userDataDir=C:\Users\firoz\AppData\Local\Temp\scoped_dir6040_31646}, takesHeapSnapshot=true, pageLoadStrategy=normal, databaseEnabled=false, handlesAlerts=true, hasTouchScreen=false, version=60.0.3112.113, platform=WIN8_1, browserConnectionEnabled=false, nativeEvents=true, acceptSslCerts=true, locationContextEnabled=true, webStorageEnabled=true, browserName=chrome, takesScreenshot=true, javascriptEnabled=true, cssSelectorsEnabled=true, setWindowRect=true, unexpectedAlertBehaviour=}]
Session ID: a6992436c8f288eb1202aaaeb92eefe2
	at org.openqa.selenium.remote.ErrorHandler.createThrowable(ErrorHandler.java:215)
	at org.openqa.selenium.remote.ErrorHandler.throwIfResponseFailed(ErrorHandler.java:167)
	at org.openqa.selenium.remote.RemoteWebDriver.execute(RemoteWebDriver.java:671)
	at org.openqa.selenium.remote.RemoteWebElement.execute(RemoteWebElement.java:272)
	at org.openqa.selenium.remote.RemoteWebElement.click(RemoteWebElement.java:82)
	at org.openqa.selenium.support.pagefactory.internal.LocatingElementHandler.invoke(LocatingElementHandler.java:51)
	at com.sun.proxy.$Proxy8.click(Unknown Source)
	at pom.pages.SearchPage.search(SearchPage.java:31)
	at testClasses.Search.searchTest(Search.java:39)
... Removed 33 stack frames</div></td></tr></table><p class="totop"><a href="#summary">back to summary</a></p><h3 id="m5">testClasses.Search#searchTest</h3><table class="result"><tr class="param"><th>Parameter #1</th></tr><tr class="param stripe"><td>OSS Cube</td></tr><tr><th>Exception</th></tr><tr><td><div class="stacktrace">org.openqa.selenium.WebDriverException: unknown error: Element &lt;input type=&quot;search&quot; autocomplete=&quot;off&quot; value=&quot;&quot; placeholder=&quot;Search&quot; name=&quot;mssearch&quot; id=&quot;s&quot; class=&quot;searchbox-input search-box-field&quot; onkeyup=&quot;buttonUp();&quot; required=&quot;&quot;&gt; is not clickable at point (1511, 92). Other element would receive the click: &lt;span class=&quot;searchbox-icon&quot;&gt;&lt;/span&gt;
  (Session info: chrome=60.0.3112.113)
  (Driver info: chromedriver=2.31.488763 (092de99f48a300323ecf8c2a4e2e7cab51de5ba8),platform=Windows NT 6.3.9600 x86_64) (WARNING: The server did not provide any stacktrace information)
Command duration or timeout: 28 milliseconds
Build info: version: &apos;3.4.0&apos;, revision: &apos;unknown&apos;, time: &apos;unknown&apos;
System info: host: &apos;FIROZKHAN&apos;, ip: &apos;169.254.164.196&apos;, os.name: &apos;Windows 8.1&apos;, os.arch: &apos;amd64&apos;, os.version: &apos;6.3&apos;, java.version: &apos;1.8.0_131&apos;
Driver info: org.openqa.selenium.chrome.ChromeDriver
Capabilities [{applicationCacheEnabled=false, rotatable=false, mobileEmulationEnabled=false, networkConnectionEnabled=false, chrome={chromedriverVersion=2.31.488763 (092de99f48a300323ecf8c2a4e2e7cab51de5ba8), userDataDir=C:\Users\firoz\AppData\Local\Temp\scoped_dir6040_31646}, takesHeapSnapshot=true, pageLoadStrategy=normal, databaseEnabled=false, handlesAlerts=true, hasTouchScreen=false, version=60.0.3112.113, platform=WIN8_1, browserConnectionEnabled=false, nativeEvents=true, acceptSslCerts=true, locationContextEnabled=true, webStorageEnabled=true, browserName=chrome, takesScreenshot=true, javascriptEnabled=true, cssSelectorsEnabled=true, setWindowRect=true, unexpectedAlertBehaviour=}]
Session ID: a6992436c8f288eb1202aaaeb92eefe2
	at org.openqa.selenium.remote.ErrorHandler.createThrowable(ErrorHandler.java:215)
	at org.openqa.selenium.remote.ErrorHandler.throwIfResponseFailed(ErrorHandler.java:167)
	at org.openqa.selenium.remote.RemoteWebDriver.execute(RemoteWebDriver.java:671)
	at org.openqa.selenium.remote.RemoteWebElement.execute(RemoteWebElement.java:272)
	at org.openqa.selenium.remote.RemoteWebElement.click(RemoteWebElement.java:82)
	at org.openqa.selenium.support.pagefactory.internal.LocatingElementHandler.invoke(LocatingElementHandler.java:51)
	at com.sun.proxy.$Proxy8.click(Unknown Source)
	at pom.pages.SearchPage.search(SearchPage.java:31)
	at testClasses.Search.searchTest(Search.java:39)
... Removed 33 stack frames</div></td></tr></table><p class="totop"><a href="#summary">back to summary</a></p><h2>Test3</h2><h3 id="m6">testClasses.SocialLogin#facebookLogin</h3><table class="result"><tr class="param"><th>Parameter #1</th><th>Parameter #2</th></tr><tr class="param stripe"><td>khanfiroj</td><td>Leeco1s</td></tr><tr><th colspan="2">Messages</th></tr><tr><td colspan="2"><div class="messages">STEP8</div></td></tr><tr><th colspan="2">Exception</th></tr><tr><td colspan="2"><div class="stacktrace">java.lang.AssertionError: The following asserts failed:
	expected [Social Sign In | app.oneall.com] but found [Securely sign in to your account | app.oneall.com],
	expected [Social Sign In | app.oneall.com] but found [Securely sign in to your account | app.oneall.com],
	expected [Social Sign In | app.oneall.com] but found [Securely sign in to your account | app.oneall.com],
	expected [Social Sign In | app.oneall.com] but found [Securely sign in to your account | app.oneall.com],
	expected [Social Sign In | app.oneall.com] but found [Securely sign in to your account | app.oneall.com]
	at testClasses.SocialLogin.facebookLogin(SocialLogin.java:51)
... Removed 26 stack frames</div></td></tr></table><p class="totop"><a href="#summary">back to summary</a></p><h3 id="m7">testClasses.SocialLogin#facebookLogin</h3><table class="result"><tr class="param"><th>Parameter #1</th><th>Parameter #2</th></tr><tr class="param stripe"><td>khanfiroj.01@gmail.com</td><td>Leeco1</td></tr><tr><th colspan="2">Messages</th></tr><tr><td colspan="2"><div class="messages">STEP9</div></td></tr><tr><th colspan="2">Exception</th></tr><tr><td colspan="2"><div class="stacktrace">java.lang.AssertionError: The following asserts failed:
	expected [Social Sign In | app.oneall.com] but found [Securely sign in to your account | app.oneall.com],
	expected [Social Sign In | app.oneall.com] but found [Securely sign in to your account | app.oneall.com],
	expected [Social Sign In | app.oneall.com] but found [Securely sign in to your account | app.oneall.com],
	expected [Social Sign In | app.oneall.com] but found [Securely sign in to your account | app.oneall.com],
	expected [Social Sign In | app.oneall.com] but found [Securely sign in to your account | app.oneall.com],
	expected [Social Sign In | app.oneall.com] but found [Securely sign in to your account | app.oneall.com]
	at testClasses.SocialLogin.facebookLogin(SocialLogin.java:51)
... Removed 26 stack frames</div></td></tr></table><p class="totop"><a href="#summary">back to summary</a></p><h3 id="m8">testClasses.SocialLogin#linkdinLogin</h3><table class="result"><tr class="param"><th>Parameter #1</th><th>Parameter #2</th></tr><tr class="param stripe"><td>khanfiroj.01@gmail.com</td><td>Leeco1</td></tr><tr><th colspan="2">Messages</th></tr><tr><td colspan="2"><div class="messages">STEP7</div></td></tr><tr><th colspan="2">Exception</th></tr><tr><td colspan="2"><div class="stacktrace">java.lang.AssertionError: The following asserts failed:
	expected [Social Sign In | app.oneall.com] but found [Securely sign in to your account | app.oneall.com],
	expected [Social Sign In | app.oneall.com] but found [Securely sign in to your account | app.oneall.com],
	expected [Social Sign In | app.oneall.com] but found [Securely sign in to your account | app.oneall.com],
	expected [Social Sign In | app.oneall.com] but found [Securely sign in to your account | app.oneall.com]
	at testClasses.SocialLogin.linkdinLogin(SocialLogin.java:111)
... Removed 26 stack frames</div></td></tr></table><p class="totop"><a href="#summary">back to summary</a></p><h3 id="m9">testClasses.SocialLogin#linkdinLogin</h3><table class="result"><tr class="param"><th>Parameter #1</th><th>Parameter #2</th></tr><tr class="param stripe"><td>khanfiroj</td><td>Leeco1s</td></tr><tr><th colspan="2">Messages</th></tr><tr><td colspan="2"><div class="messages">STEP6</div></td></tr><tr><th colspan="2">Exception</th></tr><tr><td colspan="2"><div class="stacktrace">java.lang.AssertionError: The following asserts failed:
	expected [Social Sign In | app.oneall.com] but found [Securely sign in to your account | app.oneall.com],
	expected [Social Sign In | app.oneall.com] but found [Securely sign in to your account | app.oneall.com],
	expected [Social Sign In | app.oneall.com] but found [Securely sign in to your account | app.oneall.com]
	at testClasses.SocialLogin.linkdinLogin(SocialLogin.java:111)
... Removed 26 stack frames</div></td></tr></table><p class="totop"><a href="#summary">back to summary</a></p><h3 id="m10">testClasses.SocialLogin#twitterLogin</h3><table class="result"><tr class="param"><th>Parameter #1</th><th>Parameter #2</th></tr><tr class="param stripe"><td>khanfiroj.01@gmail.com</td><td>Leeco1</td></tr><tr><th colspan="2">Messages</th></tr><tr><td colspan="2"><div class="messages">STEP5</div></td></tr><tr><th colspan="2">Exception</th></tr><tr><td colspan="2"><div class="stacktrace">java.lang.AssertionError: The following asserts failed:
	expected [Social Sign In | app.oneall.com] but found [Securely sign in to your account | app.oneall.com],
	expected [Social Sign In | app.oneall.com] but found [Securely sign in to your account | app.oneall.com]
	at testClasses.SocialLogin.twitterLogin(SocialLogin.java:90)
... Removed 26 stack frames</div></td></tr></table><p class="totop"><a href="#summary">back to summary</a></p><h3 id="m11">testClasses.SocialLogin#twitterLogin</h3><table class="result"><tr class="param"><th>Parameter #1</th><th>Parameter #2</th></tr><tr class="param stripe"><td>khanfiroj</td><td>Leeco1s</td></tr><tr><th colspan="2">Messages</th></tr><tr><td colspan="2"><div class="messages">STEP4</div></td></tr><tr><th colspan="2">Exception</th></tr><tr><td colspan="2"><div class="stacktrace">java.lang.AssertionError: The following asserts failed:
	expected [Social Sign In | app.oneall.com] but found [Securely sign in to your account | app.oneall.com]
	at testClasses.SocialLogin.twitterLogin(SocialLogin.java:90)
... Removed 26 stack frames</div></td></tr></table><p class="totop"><a href="#summary">back to summary</a></p><h3 id="m12">testClasses.SocialLogin#gmailLogin</h3><table class="result"><tr class="param"><th>Parameter #1</th><th>Parameter #2</th></tr><tr class="param stripe"><td>khanfiroj.01@gmail.com</td><td>Mylove01$%</td></tr><tr><th colspan="2">Messages</th></tr><tr><td colspan="2"><div class="messages">STEP3</div></td></tr></table><p class="totop"><a href="#summary">back to summary</a></p></body></html>