<!DOCTYPE html>

<html>
  <head>
  <meta charset='utf-8'>
  <title>TestNG reports</title>

    <link type="text/css" href="testng-reports.css" rel="stylesheet" />
    <script type="text/javascript" src="jquery-1.7.1.min.js"></script>
    <script type="text/javascript" src="testng-reports.js"></script>
    <script type="text/javascript" src="https://www.google.com/jsapi"></script>
    <script type='text/javascript'>
      google.load('visualization', '1', {packages:['table']});
      google.setOnLoadCallback(drawTable);
      var suiteTableInitFunctions = new Array();
      var suiteTableData = new Array();
    </script>
    <!--
      <script type="text/javascript" src="jquery-ui/js/jquery-ui-1.8.16.custom.min.js"></script>
     -->
  </head>

  <body>
    <div class="top-banner-root">
      <span class="top-banner-title-font">Test results</span>
      <br/>
      <span class="top-banner-font-1">1 suite, 11 failed tests</span>
    </div> <!-- top-banner-root -->
    <div class="navigator-root">
      <div class="navigator-suite-header">
        <span>All suites</span>
        <a href="#" class="collapse-all-link" title="Collapse/expand all the suites">
          <img class="collapse-all-icon" src="collapseall.gif">
          </img> <!-- collapse-all-icon -->
        </a> <!-- collapse-all-link -->
      </div> <!-- navigator-suite-header -->
      <div class="suite">
        <div class="rounded-window">
          <div class="suite-header light-rounded-window-top">
            <a href="#" class="navigator-link" panel-name="suite-Suite">
              <span class="suite-name border-failed">Suite</span>
            </a> <!-- navigator-link -->
          </div> <!-- suite-header light-rounded-window-top -->
          <div class="navigator-suite-content">
            <div class="suite-section-title">
              <span>Info</span>
            </div> <!-- suite-section-title -->
            <div class="suite-section-content">
              <ul>
                <li>
                  <a href="#" class="navigator-link " panel-name="test-xml-Suite">
                    <span>C:\Users\firoz\git\framework\Selenium\testng.xml</span>
                  </a> <!-- navigator-link  -->
                </li>
                <li>
                  <a href="#" class="navigator-link " panel-name="testlist-Suite">
                    <span class="test-stats">3 tests</span>
                  </a> <!-- navigator-link  -->
                </li>
                <li>
                  <a href="#" class="navigator-link " panel-name="group-Suite">
                    <span>0 groups</span>
                  </a> <!-- navigator-link  -->
                </li>
                <li>
                  <a href="#" class="navigator-link " panel-name="times-Suite">
                    <span>Times</span>
                  </a> <!-- navigator-link  -->
                </li>
                <li>
                  <a href="#" class="navigator-link " panel-name="reporter-Suite">
                    <span>Reporter output</span>
                  </a> <!-- navigator-link  -->
                </li>
                <li>
                  <a href="#" class="navigator-link " panel-name="ignored-methods-Suite">
                    <span>Ignored methods</span>
                  </a> <!-- navigator-link  -->
                </li>
                <li>
                  <a href="#" class="navigator-link " panel-name="chronological-Suite">
                    <span>Chronological view</span>
                  </a> <!-- navigator-link  -->
                </li>
              </ul>
            </div> <!-- suite-section-content -->
            <div class="result-section">
              <div class="suite-section-title">
                <span>Results</span>
              </div> <!-- suite-section-title -->
              <div class="suite-section-content">
                <ul>
                  <li>
                    <span class="method-stats">13 methods, 11 failed,   2 passed</span>
                  </li>
                  <li>
                    <span class="method-list-title failed">Failed methods</span>
                    <span class="show-or-hide-methods failed">
                      <a href="#" panel-name="suite-Suite" class="hide-methods failed suite-Suite"> (hide)</a> <!-- hide-methods failed suite-Suite -->
                      <a href="#" panel-name="suite-Suite" class="show-methods failed suite-Suite"> (show)</a> <!-- show-methods failed suite-Suite -->
                    </span>
                    <div class="method-list-content failed suite-Suite">
                      <span>
                        <img width="3%" src="failed.png"/>
                        <a href="#" class="method navigator-link" panel-name="suite-Suite" title="testClasses.SocialLogin" hash-for-method="facebookLogin(khanfiroj, Leeco1s)">facebookLogin(khanfiroj, Leeco1s)</a> <!-- method navigator-link -->
                      </span>
                      <br/>
                      <span>
                        <img width="3%" src="failed.png"/>
                        <a href="#" class="method navigator-link" panel-name="suite-Suite" title="testClasses.SocialLogin" hash-for-method="facebookLogin(khanfiroj.01@gmail.com, Leeco1)">facebookLogin(khanfiroj.01@gmail.com, Leeco1)</a> <!-- method navigator-link -->
                      </span>
                      <br/>
                      <span>
                        <img width="3%" src="failed.png"/>
                        <a href="#" class="method navigator-link" panel-name="suite-Suite" title="testClasses.SocialLogin" hash-for-method="linkdinLogin(khanfiroj.01@gmail.com, Leeco1)">linkdinLogin(khanfiroj.01@gmail.com, Leeco1)</a> <!-- method navigator-link -->
                      </span>
                      <br/>
                      <span>
                        <img width="3%" src="failed.png"/>
                        <a href="#" class="method navigator-link" panel-name="suite-Suite" title="testClasses.SocialLogin" hash-for-method="linkdinLogin(khanfiroj, Leeco1s)">linkdinLogin(khanfiroj, Leeco1s)</a> <!-- method navigator-link -->
                      </span>
                      <br/>
                      <span>
                        <img width="3%" src="failed.png"/>
                        <a href="#" class="method navigator-link" panel-name="suite-Suite" title="testClasses.Login" hash-for-method="login(khanfiroj.01@gmail.com, Leeco1)">login(khanfiroj.01@gmail.com, Leeco1)</a> <!-- method navigator-link -->
                      </span>
                      <br/>
                      <span>
                        <img width="3%" src="failed.png"/>
                        <a href="#" class="method navigator-link" panel-name="suite-Suite" title="testClasses.Search" hash-for-method="searchTest(Bangalore)">searchTest(Bangalore)</a> <!-- method navigator-link -->
                      </span>
                      <br/>
                      <span>
                        <img width="3%" src="failed.png"/>
                        <a href="#" class="method navigator-link" panel-name="suite-Suite" title="testClasses.Search" hash-for-method="searchTest(sjdhfjk)">searchTest(sjdhfjk)</a> <!-- method navigator-link -->
                      </span>
                      <br/>
                      <span>
                        <img width="3%" src="failed.png"/>
                        <a href="#" class="method navigator-link" panel-name="suite-Suite" title="testClasses.Search" hash-for-method="searchTest(happiestminds)">searchTest(happiestminds)</a> <!-- method navigator-link -->
                      </span>
                      <br/>
                      <span>
                        <img width="3%" src="failed.png"/>
                        <a href="#" class="method navigator-link" panel-name="suite-Suite" title="testClasses.Search" hash-for-method="searchTest(OSS Cube)">searchTest(OSS Cube)</a> <!-- method navigator-link -->
                      </span>
                      <br/>
                      <span>
                        <img width="3%" src="failed.png"/>
                        <a href="#" class="method navigator-link" panel-name="suite-Suite" title="testClasses.SocialLogin" hash-for-method="twitterLogin(khanfiroj.01@gmail.com, Leeco1)">twitterLogin(khanfiroj.01@gmail.com, Leeco1)</a> <!-- method navigator-link -->
                      </span>
                      <br/>
                      <span>
                        <img width="3%" src="failed.png"/>
                        <a href="#" class="method navigator-link" panel-name="suite-Suite" title="testClasses.SocialLogin" hash-for-method="twitterLogin(khanfiroj, Leeco1s)">twitterLogin(khanfiroj, Leeco1s)</a> <!-- method navigator-link -->
                      </span>
                      <br/>
                    </div> <!-- method-list-content failed suite-Suite -->
                  </li>
                  <li>
                    <span class="method-list-title passed">Passed methods</span>
                    <span class="show-or-hide-methods passed">
                      <a href="#" panel-name="suite-Suite" class="hide-methods passed suite-Suite"> (hide)</a> <!-- hide-methods passed suite-Suite -->
                      <a href="#" panel-name="suite-Suite" class="show-methods passed suite-Suite"> (show)</a> <!-- show-methods passed suite-Suite -->
                    </span>
                    <div class="method-list-content passed suite-Suite">
                      <span>
                        <img width="3%" src="passed.png"/>
                        <a href="#" class="method navigator-link" panel-name="suite-Suite" title="testClasses.SocialLogin" hash-for-method="gmailLogin(khanfiroj.01@gmail.com, Mylove01$%)">gmailLogin(khanfiroj.01@gmail.com, Mylove01$%)</a> <!-- method navigator-link -->
                      </span>
                      <br/>
                      <span>
                        <img width="3%" src="passed.png"/>
                        <a href="#" class="method navigator-link" panel-name="suite-Suite" title="testClasses.Login" hash-for-method="login(khanfiroj, Leeco1s)">login(khanfiroj, Leeco1s)</a> <!-- method navigator-link -->
                      </span>
                      <br/>
                    </div> <!-- method-list-content passed suite-Suite -->
                  </li>
                </ul>
              </div> <!-- suite-section-content -->
            </div> <!-- result-section -->
          </div> <!-- navigator-suite-content -->
        </div> <!-- rounded-window -->
      </div> <!-- suite -->
    </div> <!-- navigator-root -->
    <div class="wrapper">
      <div class="main-panel-root">
        <div panel-name="suite-Suite" class="panel Suite">
          <div class="suite-Suite-class-failed">
            <div class="main-panel-header rounded-window-top">
              <img src="failed.png"/>
              <span class="class-name">testClasses.SocialLogin</span>
            </div> <!-- main-panel-header rounded-window-top -->
            <div class="main-panel-content rounded-window-bottom">
              <div class="method">
                <div class="method-content">
                  <a name="facebookLogin(khanfiroj, Leeco1s)">
                  </a> <!-- facebookLogin(khanfiroj, Leeco1s) -->
                  <span class="method-name">facebookLogin</span>
                  <span class="parameters">(khanfiroj, Leeco1s)</span>
                  <div class="stack-trace">java.lang.AssertionError: The following asserts failed:
	expected [Social Sign In | app.oneall.com] but found [Securely sign in to your account | app.oneall.com],
	expected [Social Sign In | app.oneall.com] but found [Securely sign in to your account | app.oneall.com],
	expected [Social Sign In | app.oneall.com] but found [Securely sign in to your account | app.oneall.com],
	expected [Social Sign In | app.oneall.com] but found [Securely sign in to your account | app.oneall.com],
	expected [Social Sign In | app.oneall.com] but found [Securely sign in to your account | app.oneall.com]
	at testClasses.SocialLogin.facebookLogin(SocialLogin.java:51)
... Removed 26 stack frames
</div> <!-- stack-trace -->
                </div> <!-- method-content -->
              </div> <!-- method -->
              <div class="method">
                <div class="method-content">
                  <a name="facebookLogin(khanfiroj.01@gmail.com, Leeco1)">
                  </a> <!-- facebookLogin(khanfiroj.01@gmail.com, Leeco1) -->
                  <span class="method-name">facebookLogin</span>
                  <span class="parameters">(khanfiroj.01@gmail.com, Leeco1)</span>
                  <div class="stack-trace">java.lang.AssertionError: The following asserts failed:
	expected [Social Sign In | app.oneall.com] but found [Securely sign in to your account | app.oneall.com],
	expected [Social Sign In | app.oneall.com] but found [Securely sign in to your account | app.oneall.com],
	expected [Social Sign In | app.oneall.com] but found [Securely sign in to your account | app.oneall.com],
	expected [Social Sign In | app.oneall.com] but found [Securely sign in to your account | app.oneall.com],
	expected [Social Sign In | app.oneall.com] but found [Securely sign in to your account | app.oneall.com],
	expected [Social Sign In | app.oneall.com] but found [Securely sign in to your account | app.oneall.com]
	at testClasses.SocialLogin.facebookLogin(SocialLogin.java:51)
... Removed 26 stack frames
</div> <!-- stack-trace -->
                </div> <!-- method-content -->
              </div> <!-- method -->
              <div class="method">
                <div class="method-content">
                  <a name="linkdinLogin(khanfiroj.01@gmail.com, Leeco1)">
                  </a> <!-- linkdinLogin(khanfiroj.01@gmail.com, Leeco1) -->
                  <span class="method-name">linkdinLogin</span>
                  <span class="parameters">(khanfiroj.01@gmail.com, Leeco1)</span>
                  <div class="stack-trace">java.lang.AssertionError: The following asserts failed:
	expected [Social Sign In | app.oneall.com] but found [Securely sign in to your account | app.oneall.com],
	expected [Social Sign In | app.oneall.com] but found [Securely sign in to your account | app.oneall.com],
	expected [Social Sign In | app.oneall.com] but found [Securely sign in to your account | app.oneall.com],
	expected [Social Sign In | app.oneall.com] but found [Securely sign in to your account | app.oneall.com]
	at testClasses.SocialLogin.linkdinLogin(SocialLogin.java:111)
... Removed 26 stack frames
</div> <!-- stack-trace -->
                </div> <!-- method-content -->
              </div> <!-- method -->
              <div class="method">
                <div class="method-content">
                  <a name="linkdinLogin(khanfiroj, Leeco1s)">
                  </a> <!-- linkdinLogin(khanfiroj, Leeco1s) -->
                  <span class="method-name">linkdinLogin</span>
                  <span class="parameters">(khanfiroj, Leeco1s)</span>
                  <div class="stack-trace">java.lang.AssertionError: The following asserts failed:
	expected [Social Sign In | app.oneall.com] but found [Securely sign in to your account | app.oneall.com],
	expected [Social Sign In | app.oneall.com] but found [Securely sign in to your account | app.oneall.com],
	expected [Social Sign In | app.oneall.com] but found [Securely sign in to your account | app.oneall.com]
	at testClasses.SocialLogin.linkdinLogin(SocialLogin.java:111)
... Removed 26 stack frames
</div> <!-- stack-trace -->
                </div> <!-- method-content -->
              </div> <!-- method -->
              <div class="method">
                <div class="method-content">
                  <a name="twitterLogin(khanfiroj.01@gmail.com, Leeco1)">
                  </a> <!-- twitterLogin(khanfiroj.01@gmail.com, Leeco1) -->
                  <span class="method-name">twitterLogin</span>
                  <span class="parameters">(khanfiroj.01@gmail.com, Leeco1)</span>
                  <div class="stack-trace">java.lang.AssertionError: The following asserts failed:
	expected [Social Sign In | app.oneall.com] but found [Securely sign in to your account | app.oneall.com],
	expected [Social Sign In | app.oneall.com] but found [Securely sign in to your account | app.oneall.com]
	at testClasses.SocialLogin.twitterLogin(SocialLogin.java:90)
... Removed 26 stack frames
</div> <!-- stack-trace -->
                </div> <!-- method-content -->
              </div> <!-- method -->
              <div class="method">
                <div class="method-content">
                  <a name="twitterLogin(khanfiroj, Leeco1s)">
                  </a> <!-- twitterLogin(khanfiroj, Leeco1s) -->
                  <span class="method-name">twitterLogin</span>
                  <span class="parameters">(khanfiroj, Leeco1s)</span>
                  <div class="stack-trace">java.lang.AssertionError: The following asserts failed:
	expected [Social Sign In | app.oneall.com] but found [Securely sign in to your account | app.oneall.com]
	at testClasses.SocialLogin.twitterLogin(SocialLogin.java:90)
... Removed 26 stack frames
</div> <!-- stack-trace -->
                </div> <!-- method-content -->
              </div> <!-- method -->
            </div> <!-- main-panel-content rounded-window-bottom -->
          </div> <!-- suite-Suite-class-failed -->
          <div class="suite-Suite-class-failed">
            <div class="main-panel-header rounded-window-top">
              <img src="failed.png"/>
              <span class="class-name">testClasses.Login</span>
            </div> <!-- main-panel-header rounded-window-top -->
            <div class="main-panel-content rounded-window-bottom">
              <div class="method">
                <div class="method-content">
                  <a name="login(khanfiroj.01@gmail.com, Leeco1)">
                  </a> <!-- login(khanfiroj.01@gmail.com, Leeco1) -->
                  <span class="method-name">login</span>
                  <span class="parameters">(khanfiroj.01@gmail.com, Leeco1)</span>
                  <div class="stack-trace">java.lang.AssertionError: The following asserts failed:
	expected [Find a Flight: Mercury Tours:] but found [Sign-on: Mercury Tours]
	at testClasses.Login.login(Login.java:48)
... Removed 26 stack frames
</div> <!-- stack-trace -->
                </div> <!-- method-content -->
              </div> <!-- method -->
            </div> <!-- main-panel-content rounded-window-bottom -->
          </div> <!-- suite-Suite-class-failed -->
          <div class="suite-Suite-class-failed">
            <div class="main-panel-header rounded-window-top">
              <img src="failed.png"/>
              <span class="class-name">testClasses.Search</span>
            </div> <!-- main-panel-header rounded-window-top -->
            <div class="main-panel-content rounded-window-bottom">
              <div class="method">
                <div class="method-content">
                  <a name="searchTest(Bangalore)">
                  </a> <!-- searchTest(Bangalore) -->
                  <span class="method-name">searchTest</span>
                  <span class="parameters">(Bangalore)</span>
                  <div class="stack-trace">org.openqa.selenium.WebDriverException: unknown error: Element &lt;input type=&quot;search&quot; autocomplete=&quot;off&quot; value=&quot;&quot; placeholder=&quot;Search&quot; name=&quot;mssearch&quot; id=&quot;s&quot; class=&quot;searchbox-input search-box-field&quot; onkeyup=&quot;buttonUp();&quot; required=&quot;&quot;&gt; is not clickable at point (1511, 92). Other element would receive the click: &lt;span class=&quot;searchbox-icon&quot;&gt;&lt;/span&gt;
  (Session info: chrome=60.0.3112.113)
  (Driver info: chromedriver=2.31.488763 (092de99f48a300323ecf8c2a4e2e7cab51de5ba8),platform=Windows NT 6.3.9600 x86_64) (WARNING: The server did not provide any stacktrace information)
Command duration or timeout: 27 milliseconds
Build info: version: &apos;3.4.0&apos;, revision: &apos;unknown&apos;, time: &apos;unknown&apos;
System info: host: &apos;FIROZKHAN&apos;, ip: &apos;169.254.164.196&apos;, os.name: &apos;Windows 8.1&apos;, os.arch: &apos;amd64&apos;, os.version: &apos;6.3&apos;, java.version: &apos;1.8.0_131&apos;
Driver info: org.openqa.selenium.chrome.ChromeDriver
Capabilities [{applicationCacheEnabled=false, rotatable=false, mobileEmulationEnabled=false, networkConnectionEnabled=false, chrome={chromedriverVersion=2.31.488763 (092de99f48a300323ecf8c2a4e2e7cab51de5ba8), userDataDir=C:\Users\firoz\AppData\Local\Temp\scoped_dir6040_31646}, takesHeapSnapshot=true, pageLoadStrategy=normal, databaseEnabled=false, handlesAlerts=true, hasTouchScreen=false, version=60.0.3112.113, platform=WIN8_1, browserConnectionEnabled=false, nativeEvents=true, acceptSslCerts=true, locationContextEnabled=true, webStorageEnabled=true, browserName=chrome, takesScreenshot=true, javascriptEnabled=true, cssSelectorsEnabled=true, setWindowRect=true, unexpectedAlertBehaviour=}]
Session ID: a6992436c8f288eb1202aaaeb92eefe2
	at org.openqa.selenium.remote.ErrorHandler.createThrowable(ErrorHandler.java:215)
	at org.openqa.selenium.remote.ErrorHandler.throwIfResponseFailed(ErrorHandler.java:167)
	at org.openqa.selenium.remote.RemoteWebDriver.execute(RemoteWebDriver.java:671)
	at org.openqa.selenium.remote.RemoteWebElement.execute(RemoteWebElement.java:272)
	at org.openqa.selenium.remote.RemoteWebElement.click(RemoteWebElement.java:82)
	at org.openqa.selenium.support.pagefactory.internal.LocatingElementHandler.invoke(LocatingElementHandler.java:51)
	at com.sun.proxy.$Proxy8.click(Unknown Source)
	at pom.pages.SearchPage.search(SearchPage.java:31)
	at testClasses.Search.searchTest(Search.java:39)
... Removed 33 stack frames
</div> <!-- stack-trace -->
                </div> <!-- method-content -->
              </div> <!-- method -->
              <div class="method">
                <div class="method-content">
                  <a name="searchTest(sjdhfjk)">
                  </a> <!-- searchTest(sjdhfjk) -->
                  <span class="method-name">searchTest</span>
                  <span class="parameters">(sjdhfjk)</span>
                  <div class="stack-trace">org.openqa.selenium.WebDriverException: unknown error: Element &lt;input type=&quot;search&quot; autocomplete=&quot;off&quot; value=&quot;&quot; placeholder=&quot;Search&quot; name=&quot;mssearch&quot; id=&quot;s&quot; class=&quot;searchbox-input search-box-field&quot; onkeyup=&quot;buttonUp();&quot; required=&quot;&quot;&gt; is not clickable at point (1511, 92). Other element would receive the click: &lt;span class=&quot;searchbox-icon&quot;&gt;&lt;/span&gt;
  (Session info: chrome=60.0.3112.113)
  (Driver info: chromedriver=2.31.488763 (092de99f48a300323ecf8c2a4e2e7cab51de5ba8),platform=Windows NT 6.3.9600 x86_64) (WARNING: The server did not provide any stacktrace information)
Command duration or timeout: 26 milliseconds
Build info: version: &apos;3.4.0&apos;, revision: &apos;unknown&apos;, time: &apos;unknown&apos;
System info: host: &apos;FIROZKHAN&apos;, ip: &apos;169.254.164.196&apos;, os.name: &apos;Windows 8.1&apos;, os.arch: &apos;amd64&apos;, os.version: &apos;6.3&apos;, java.version: &apos;1.8.0_131&apos;
Driver info: org.openqa.selenium.chrome.ChromeDriver
Capabilities [{applicationCacheEnabled=false, rotatable=false, mobileEmulationEnabled=false, networkConnectionEnabled=false, chrome={chromedriverVersion=2.31.488763 (092de99f48a300323ecf8c2a4e2e7cab51de5ba8), userDataDir=C:\Users\firoz\AppData\Local\Temp\scoped_dir6040_31646}, takesHeapSnapshot=true, pageLoadStrategy=normal, databaseEnabled=false, handlesAlerts=true, hasTouchScreen=false, version=60.0.3112.113, platform=WIN8_1, browserConnectionEnabled=false, nativeEvents=true, acceptSslCerts=true, locationContextEnabled=true, webStorageEnabled=true, browserName=chrome, takesScreenshot=true, javascriptEnabled=true, cssSelectorsEnabled=true, setWindowRect=true, unexpectedAlertBehaviour=}]
Session ID: a6992436c8f288eb1202aaaeb92eefe2
	at org.openqa.selenium.remote.ErrorHandler.createThrowable(ErrorHandler.java:215)
	at org.openqa.selenium.remote.ErrorHandler.throwIfResponseFailed(ErrorHandler.java:167)
	at org.openqa.selenium.remote.RemoteWebDriver.execute(RemoteWebDriver.java:671)
	at org.openqa.selenium.remote.RemoteWebElement.execute(RemoteWebElement.java:272)
	at org.openqa.selenium.remote.RemoteWebElement.click(RemoteWebElement.java:82)
	at org.openqa.selenium.support.pagefactory.internal.LocatingElementHandler.invoke(LocatingElementHandler.java:51)
	at com.sun.proxy.$Proxy8.click(Unknown Source)
	at pom.pages.SearchPage.search(SearchPage.java:31)
	at testClasses.Search.searchTest(Search.java:39)
... Removed 33 stack frames
</div> <!-- stack-trace -->
                </div> <!-- method-content -->
              </div> <!-- method -->
              <div class="method">
                <div class="method-content">
                  <a name="searchTest(happiestminds)">
                  </a> <!-- searchTest(happiestminds) -->
                  <span class="method-name">searchTest</span>
                  <span class="parameters">(happiestminds)</span>
                  <div class="stack-trace">org.openqa.selenium.WebDriverException: unknown error: Element &lt;input type=&quot;search&quot; autocomplete=&quot;off&quot; value=&quot;&quot; placeholder=&quot;Search&quot; name=&quot;mssearch&quot; id=&quot;s&quot; class=&quot;searchbox-input search-box-field&quot; onkeyup=&quot;buttonUp();&quot; required=&quot;&quot;&gt; is not clickable at point (1511, 92). Other element would receive the click: &lt;span class=&quot;searchbox-icon&quot;&gt;&lt;/span&gt;
  (Session info: chrome=60.0.3112.113)
  (Driver info: chromedriver=2.31.488763 (092de99f48a300323ecf8c2a4e2e7cab51de5ba8),platform=Windows NT 6.3.9600 x86_64) (WARNING: The server did not provide any stacktrace information)
Command duration or timeout: 112 milliseconds
Build info: version: &apos;3.4.0&apos;, revision: &apos;unknown&apos;, time: &apos;unknown&apos;
System info: host: &apos;FIROZKHAN&apos;, ip: &apos;169.254.164.196&apos;, os.name: &apos;Windows 8.1&apos;, os.arch: &apos;amd64&apos;, os.version: &apos;6.3&apos;, java.version: &apos;1.8.0_131&apos;
Driver info: org.openqa.selenium.chrome.ChromeDriver
Capabilities [{applicationCacheEnabled=false, rotatable=false, mobileEmulationEnabled=false, networkConnectionEnabled=false, chrome={chromedriverVersion=2.31.488763 (092de99f48a300323ecf8c2a4e2e7cab51de5ba8), userDataDir=C:\Users\firoz\AppData\Local\Temp\scoped_dir6040_31646}, takesHeapSnapshot=true, pageLoadStrategy=normal, databaseEnabled=false, handlesAlerts=true, hasTouchScreen=false, version=60.0.3112.113, platform=WIN8_1, browserConnectionEnabled=false, nativeEvents=true, acceptSslCerts=true, locationContextEnabled=true, webStorageEnabled=true, browserName=chrome, takesScreenshot=true, javascriptEnabled=true, cssSelectorsEnabled=true, setWindowRect=true, unexpectedAlertBehaviour=}]
Session ID: a6992436c8f288eb1202aaaeb92eefe2
	at org.openqa.selenium.remote.ErrorHandler.createThrowable(ErrorHandler.java:215)
	at org.openqa.selenium.remote.ErrorHandler.throwIfResponseFailed(ErrorHandler.java:167)
	at org.openqa.selenium.remote.RemoteWebDriver.execute(RemoteWebDriver.java:671)
	at org.openqa.selenium.remote.RemoteWebElement.execute(RemoteWebElement.java:272)
	at org.openqa.selenium.remote.RemoteWebElement.click(RemoteWebElement.java:82)
	at org.openqa.selenium.support.pagefactory.internal.LocatingElementHandler.invoke(LocatingElementHandler.java:51)
	at com.sun.proxy.$Proxy8.click(Unknown Source)
	at pom.pages.SearchPage.search(SearchPage.java:31)
	at testClasses.Search.searchTest(Search.java:39)
... Removed 33 stack frames
</div> <!-- stack-trace -->
                </div> <!-- method-content -->
              </div> <!-- method -->
              <div class="method">
                <div class="method-content">
                  <a name="searchTest(OSS Cube)">
                  </a> <!-- searchTest(OSS Cube) -->
                  <span class="method-name">searchTest</span>
                  <span class="parameters">(OSS Cube)</span>
                  <div class="stack-trace">org.openqa.selenium.WebDriverException: unknown error: Element &lt;input type=&quot;search&quot; autocomplete=&quot;off&quot; value=&quot;&quot; placeholder=&quot;Search&quot; name=&quot;mssearch&quot; id=&quot;s&quot; class=&quot;searchbox-input search-box-field&quot; onkeyup=&quot;buttonUp();&quot; required=&quot;&quot;&gt; is not clickable at point (1511, 92). Other element would receive the click: &lt;span class=&quot;searchbox-icon&quot;&gt;&lt;/span&gt;
  (Session info: chrome=60.0.3112.113)
  (Driver info: chromedriver=2.31.488763 (092de99f48a300323ecf8c2a4e2e7cab51de5ba8),platform=Windows NT 6.3.9600 x86_64) (WARNING: The server did not provide any stacktrace information)
Command duration or timeout: 28 milliseconds
Build info: version: &apos;3.4.0&apos;, revision: &apos;unknown&apos;, time: &apos;unknown&apos;
System info: host: &apos;FIROZKHAN&apos;, ip: &apos;169.254.164.196&apos;, os.name: &apos;Windows 8.1&apos;, os.arch: &apos;amd64&apos;, os.version: &apos;6.3&apos;, java.version: &apos;1.8.0_131&apos;
Driver info: org.openqa.selenium.chrome.ChromeDriver
Capabilities [{applicationCacheEnabled=false, rotatable=false, mobileEmulationEnabled=false, networkConnectionEnabled=false, chrome={chromedriverVersion=2.31.488763 (092de99f48a300323ecf8c2a4e2e7cab51de5ba8), userDataDir=C:\Users\firoz\AppData\Local\Temp\scoped_dir6040_31646}, takesHeapSnapshot=true, pageLoadStrategy=normal, databaseEnabled=false, handlesAlerts=true, hasTouchScreen=false, version=60.0.3112.113, platform=WIN8_1, browserConnectionEnabled=false, nativeEvents=true, acceptSslCerts=true, locationContextEnabled=true, webStorageEnabled=true, browserName=chrome, takesScreenshot=true, javascriptEnabled=true, cssSelectorsEnabled=true, setWindowRect=true, unexpectedAlertBehaviour=}]
Session ID: a6992436c8f288eb1202aaaeb92eefe2
	at org.openqa.selenium.remote.ErrorHandler.createThrowable(ErrorHandler.java:215)
	at org.openqa.selenium.remote.ErrorHandler.throwIfResponseFailed(ErrorHandler.java:167)
	at org.openqa.selenium.remote.RemoteWebDriver.execute(RemoteWebDriver.java:671)
	at org.openqa.selenium.remote.RemoteWebElement.execute(RemoteWebElement.java:272)
	at org.openqa.selenium.remote.RemoteWebElement.click(RemoteWebElement.java:82)
	at org.openqa.selenium.support.pagefactory.internal.LocatingElementHandler.invoke(LocatingElementHandler.java:51)
	at com.sun.proxy.$Proxy8.click(Unknown Source)
	at pom.pages.SearchPage.search(SearchPage.java:31)
	at testClasses.Search.searchTest(Search.java:39)
... Removed 33 stack frames
</div> <!-- stack-trace -->
                </div> <!-- method-content -->
              </div> <!-- method -->
            </div> <!-- main-panel-content rounded-window-bottom -->
          </div> <!-- suite-Suite-class-failed -->
          <div class="suite-Suite-class-passed">
            <div class="main-panel-header rounded-window-top">
              <img src="passed.png"/>
              <span class="class-name">testClasses.SocialLogin</span>
            </div> <!-- main-panel-header rounded-window-top -->
            <div class="main-panel-content rounded-window-bottom">
              <div class="method">
                <div class="method-content">
                  <a name="gmailLogin(khanfiroj.01@gmail.com, Mylove01$%)">
                  </a> <!-- gmailLogin(khanfiroj.01@gmail.com, Mylove01$%) -->
                  <span class="method-name">gmailLogin</span>
                  <span class="parameters">(khanfiroj.01@gmail.com, Mylove01$%)</span>
                </div> <!-- method-content -->
              </div> <!-- method -->
            </div> <!-- main-panel-content rounded-window-bottom -->
          </div> <!-- suite-Suite-class-passed -->
          <div class="suite-Suite-class-passed">
            <div class="main-panel-header rounded-window-top">
              <img src="passed.png"/>
              <span class="class-name">testClasses.Login</span>
            </div> <!-- main-panel-header rounded-window-top -->
            <div class="main-panel-content rounded-window-bottom">
              <div class="method">
                <div class="method-content">
                  <a name="login(khanfiroj, Leeco1s)">
                  </a> <!-- login(khanfiroj, Leeco1s) -->
                  <span class="method-name">login</span>
                  <span class="parameters">(khanfiroj, Leeco1s)</span>
                </div> <!-- method-content -->
              </div> <!-- method -->
            </div> <!-- main-panel-content rounded-window-bottom -->
          </div> <!-- suite-Suite-class-passed -->
        </div> <!-- panel Suite -->
        <div panel-name="test-xml-Suite" class="panel">
          <div class="main-panel-header rounded-window-top">
            <span class="header-content">C:\Users\firoz\git\framework\Selenium\testng.xml</span>
          </div> <!-- main-panel-header rounded-window-top -->
          <div class="main-panel-content rounded-window-bottom">
            <pre>
&lt;?xml version=&quot;1.0&quot; encoding=&quot;UTF-8&quot;?&gt;
&lt;!DOCTYPE suite SYSTEM &quot;http://testng.org/testng-1.0.dtd&quot;&gt;
&lt;suite guice-stage=&quot;DEVELOPMENT&quot; name=&quot;Suite&quot;&gt;
  &lt;listeners&gt;
    &lt;listener class-name=&quot;atu.testng.reports.listeners.ATUReportsListener&quot;/&gt;
    &lt;listener class-name=&quot;atu.testng.reports.listeners.ConfigurationListener&quot;/&gt;
    &lt;listener class-name=&quot;atu.testng.reports.listeners.MethodListener&quot;/&gt;
  &lt;/listeners&gt;
  &lt;test name=&quot;Test1&quot;&gt;
    &lt;classes&gt;
      &lt;class name=&quot;testClasses.Login&quot;/&gt;
    &lt;/classes&gt;
  &lt;/test&gt; &lt;!-- Test1 --&gt;
  &lt;test name=&quot;Test2&quot;&gt;
    &lt;classes&gt;
      &lt;class name=&quot;testClasses.Search&quot;/&gt;
    &lt;/classes&gt;
  &lt;/test&gt; &lt;!-- Test2 --&gt;
  &lt;test name=&quot;Test3&quot;&gt;
    &lt;classes&gt;
      &lt;class name=&quot;testClasses.SocialLogin&quot;/&gt;
    &lt;/classes&gt;
  &lt;/test&gt; &lt;!-- Test3 --&gt;
&lt;/suite&gt; &lt;!-- Suite --&gt;
            </pre>
          </div> <!-- main-panel-content rounded-window-bottom -->
        </div> <!-- panel -->
        <div panel-name="testlist-Suite" class="panel">
          <div class="main-panel-header rounded-window-top">
            <span class="header-content">Tests for Suite</span>
          </div> <!-- main-panel-header rounded-window-top -->
          <div class="main-panel-content rounded-window-bottom">
            <ul>
              <li>
                <span class="test-name">Test1 (1 class)</span>
              </li>
              <li>
                <span class="test-name">Test2 (1 class)</span>
              </li>
              <li>
                <span class="test-name">Test3 (1 class)</span>
              </li>
            </ul>
          </div> <!-- main-panel-content rounded-window-bottom -->
        </div> <!-- panel -->
        <div panel-name="group-Suite" class="panel">
          <div class="main-panel-header rounded-window-top">
            <span class="header-content">Groups for Suite</span>
          </div> <!-- main-panel-header rounded-window-top -->
          <div class="main-panel-content rounded-window-bottom">
          </div> <!-- main-panel-content rounded-window-bottom -->
        </div> <!-- panel -->
        <div panel-name="times-Suite" class="panel">
          <div class="main-panel-header rounded-window-top">
            <span class="header-content">Times for Suite</span>
          </div> <!-- main-panel-header rounded-window-top -->
          <div class="main-panel-content rounded-window-bottom">
            <div class="times-div">
              <script type="text/javascript">
suiteTableInitFunctions.push('tableData_Suite');
function tableData_Suite() {
var data = new google.visualization.DataTable();
data.addColumn('number', 'Number');
data.addColumn('string', 'Method');
data.addColumn('string', 'Class');
data.addColumn('number', 'Time (ms)');
data.addRows(13);
data.setCell(0, 0, 0)
data.setCell(0, 1, 'gmailLogin')
data.setCell(0, 2, 'testClasses.SocialLogin')
data.setCell(0, 3, 38088);
data.setCell(1, 0, 1)
data.setCell(1, 1, 'twitterLogin')
data.setCell(1, 2, 'testClasses.SocialLogin')
data.setCell(1, 3, 33359);
data.setCell(2, 0, 2)
data.setCell(2, 1, 'twitterLogin')
data.setCell(2, 2, 'testClasses.SocialLogin')
data.setCell(2, 3, 29823);
data.setCell(3, 0, 3)
data.setCell(3, 1, 'linkdinLogin')
data.setCell(3, 2, 'testClasses.SocialLogin')
data.setCell(3, 3, 12020);
data.setCell(4, 0, 4)
data.setCell(4, 1, 'facebookLogin')
data.setCell(4, 2, 'testClasses.SocialLogin')
data.setCell(4, 3, 10180);
data.setCell(5, 0, 5)
data.setCell(5, 1, 'linkdinLogin')
data.setCell(5, 2, 'testClasses.SocialLogin')
data.setCell(5, 3, 10154);
data.setCell(6, 0, 6)
data.setCell(6, 1, 'facebookLogin')
data.setCell(6, 2, 'testClasses.SocialLogin')
data.setCell(6, 3, 10087);
data.setCell(7, 0, 7)
data.setCell(7, 1, 'login')
data.setCell(7, 2, 'testClasses.Login')
data.setCell(7, 3, 3555);
data.setCell(8, 0, 8)
data.setCell(8, 1, 'login')
data.setCell(8, 2, 'testClasses.Login')
data.setCell(8, 3, 3465);
data.setCell(9, 0, 9)
data.setCell(9, 1, 'searchTest')
data.setCell(9, 2, 'testClasses.Search')
data.setCell(9, 3, 251);
data.setCell(10, 0, 10)
data.setCell(10, 1, 'searchTest')
data.setCell(10, 2, 'testClasses.Search')
data.setCell(10, 3, 109);
data.setCell(11, 0, 11)
data.setCell(11, 1, 'searchTest')
data.setCell(11, 2, 'testClasses.Search')
data.setCell(11, 3, 76);
data.setCell(12, 0, 12)
data.setCell(12, 1, 'searchTest')
data.setCell(12, 2, 'testClasses.Search')
data.setCell(12, 3, 74);
window.suiteTableData['Suite']= { tableData: data, tableDiv: 'times-div-Suite'}
return data;
}
              </script>
              <span class="suite-total-time">Total running time: 2 minutes</span>
              <div id="times-div-Suite">
              </div> <!-- times-div-Suite -->
            </div> <!-- times-div -->
          </div> <!-- main-panel-content rounded-window-bottom -->
        </div> <!-- panel -->
        <div panel-name="reporter-Suite" class="panel">
          <div class="main-panel-header rounded-window-top">
            <span class="header-content">Reporter output for Suite</span>
          </div> <!-- main-panel-header rounded-window-top -->
          <div class="main-panel-content rounded-window-bottom">
            <div class="reporter-method-div">
              <span class="reporter-method-name">login(khanfiroj, Leeco1s)</span>
              <div class="reporter-method-output-div">
                <span class="reporter-method-output">STEP1</span>
              </div> <!-- reporter-method-output-div -->
            </div> <!-- reporter-method-div -->
            <div class="reporter-method-div">
              <span class="reporter-method-name">login(khanfiroj.01@gmail.com, Leeco1)</span>
              <div class="reporter-method-output-div">
                <span class="reporter-method-output">STEP2</span>
              </div> <!-- reporter-method-output-div -->
            </div> <!-- reporter-method-div -->
            <div class="reporter-method-div">
              <span class="reporter-method-name">gmailLogin(khanfiroj.01@gmail.com, Mylove01$%)</span>
              <div class="reporter-method-output-div">
                <span class="reporter-method-output">STEP3</span>
              </div> <!-- reporter-method-output-div -->
            </div> <!-- reporter-method-div -->
            <div class="reporter-method-div">
              <span class="reporter-method-name">twitterLogin(khanfiroj.01@gmail.com, Leeco1)</span>
              <div class="reporter-method-output-div">
                <span class="reporter-method-output">STEP5</span>
              </div> <!-- reporter-method-output-div -->
            </div> <!-- reporter-method-div -->
            <div class="reporter-method-div">
              <span class="reporter-method-name">twitterLogin(khanfiroj, Leeco1s)</span>
              <div class="reporter-method-output-div">
                <span class="reporter-method-output">STEP4</span>
              </div> <!-- reporter-method-output-div -->
            </div> <!-- reporter-method-div -->
            <div class="reporter-method-div">
              <span class="reporter-method-name">linkdinLogin(khanfiroj.01@gmail.com, Leeco1)</span>
              <div class="reporter-method-output-div">
                <span class="reporter-method-output">STEP7</span>
              </div> <!-- reporter-method-output-div -->
            </div> <!-- reporter-method-div -->
            <div class="reporter-method-div">
              <span class="reporter-method-name">facebookLogin(khanfiroj, Leeco1s)</span>
              <div class="reporter-method-output-div">
                <span class="reporter-method-output">STEP8</span>
              </div> <!-- reporter-method-output-div -->
            </div> <!-- reporter-method-div -->
            <div class="reporter-method-div">
              <span class="reporter-method-name">facebookLogin(khanfiroj.01@gmail.com, Leeco1)</span>
              <div class="reporter-method-output-div">
                <span class="reporter-method-output">STEP9</span>
              </div> <!-- reporter-method-output-div -->
            </div> <!-- reporter-method-div -->
            <div class="reporter-method-div">
              <span class="reporter-method-name">linkdinLogin(khanfiroj, Leeco1s)</span>
              <div class="reporter-method-output-div">
                <span class="reporter-method-output">STEP6</span>
              </div> <!-- reporter-method-output-div -->
            </div> <!-- reporter-method-div -->
          </div> <!-- main-panel-content rounded-window-bottom -->
        </div> <!-- panel -->
        <div panel-name="ignored-methods-Suite" class="panel">
          <div class="main-panel-header rounded-window-top">
            <span class="header-content">0 ignored methods</span>
          </div> <!-- main-panel-header rounded-window-top -->
          <div class="main-panel-content rounded-window-bottom">
          </div> <!-- main-panel-content rounded-window-bottom -->
        </div> <!-- panel -->
        <div panel-name="chronological-Suite" class="panel">
          <div class="main-panel-header rounded-window-top">
            <span class="header-content">Methods in chronological order</span>
          </div> <!-- main-panel-header rounded-window-top -->
          <div class="main-panel-content rounded-window-bottom">
            <div class="chronological-class">
              <div class="chronological-class-name">testClasses.Login</div> <!-- chronological-class-name -->
              <div class="configuration-test before">
                <span class="method-name">setup</span>
                <span class="method-start">0 ms</span>
              </div> <!-- configuration-test before -->
              <div class="test-method">
                <span class="method-name">login(khanfiroj, Leeco1s)</span>
                <span class="method-start">7011 ms</span>
              </div> <!-- test-method -->
              <div class="test-method">
                <img src="failed.png">
                </img>
                <span class="method-name">login(khanfiroj.01@gmail.com, Leeco1)</span>
                <span class="method-start">10478 ms</span>
              </div> <!-- test-method -->
              <div class="configuration-test after">
                <span class="method-name">afterTest</span>
                <span class="method-start">14044 ms</span>
              </div> <!-- configuration-test after -->
            </div> <!-- chronological-class -->
            <div class="chronological-class">
              <div class="chronological-class-name">testClasses.Search</div> <!-- chronological-class-name -->
              <div class="configuration-test before">
                <span class="method-name">beforeTest</span>
                <span class="method-start">16659 ms</span>
              </div> <!-- configuration-test before -->
              <div class="test-method">
                <img src="failed.png">
                </img>
                <span class="method-name">searchTest(happiestminds)</span>
                <span class="method-start">46723 ms</span>
              </div> <!-- test-method -->
              <div class="test-method">
                <img src="failed.png">
                </img>
                <span class="method-name">searchTest(OSS Cube)</span>
                <span class="method-start">46998 ms</span>
              </div> <!-- test-method -->
              <div class="test-method">
                <img src="failed.png">
                </img>
                <span class="method-name">searchTest(Bangalore)</span>
                <span class="method-start">47111 ms</span>
              </div> <!-- test-method -->
              <div class="test-method">
                <img src="failed.png">
                </img>
                <span class="method-name">searchTest(sjdhfjk)</span>
                <span class="method-start">47192 ms</span>
              </div> <!-- test-method -->
              <div class="configuration-test after">
                <span class="method-name">afterTest</span>
                <span class="method-start">47270 ms</span>
              </div> <!-- configuration-test after -->
            </div> <!-- chronological-class -->
            <div class="chronological-class">
              <div class="chronological-class-name">testClasses.SocialLogin</div> <!-- chronological-class-name -->
              <div class="configuration-test before">
                <span class="method-name">setup</span>
                <span class="method-start">52656 ms</span>
              </div> <!-- configuration-test before -->
              <div class="test-method">
                <span class="method-name">gmailLogin(khanfiroj.01@gmail.com, Mylove01$%)</span>
                <span class="method-start">55890 ms</span>
              </div> <!-- test-method -->
              <div class="test-method">
                <img src="failed.png">
                </img>
                <span class="method-name">twitterLogin(khanfiroj, Leeco1s)</span>
                <span class="method-start">94100 ms</span>
              </div> <!-- test-method -->
              <div class="test-method">
                <img src="failed.png">
                </img>
                <span class="method-name">twitterLogin(khanfiroj.01@gmail.com, Leeco1)</span>
                <span class="method-start">127461 ms</span>
              </div> <!-- test-method -->
              <div class="test-method">
                <img src="failed.png">
                </img>
                <span class="method-name">linkdinLogin(khanfiroj, Leeco1s)</span>
                <span class="method-start">157380 ms</span>
              </div> <!-- test-method -->
              <div class="test-method">
                <img src="failed.png">
                </img>
                <span class="method-name">linkdinLogin(khanfiroj.01@gmail.com, Leeco1)</span>
                <span class="method-start">169404 ms</span>
              </div> <!-- test-method -->
              <div class="test-method">
                <img src="failed.png">
                </img>
                <span class="method-name">facebookLogin(khanfiroj, Leeco1s)</span>
                <span class="method-start">179660 ms</span>
              </div> <!-- test-method -->
              <div class="test-method">
                <img src="failed.png">
                </img>
                <span class="method-name">facebookLogin(khanfiroj.01@gmail.com, Leeco1)</span>
                <span class="method-start">189753 ms</span>
              </div> <!-- test-method -->
              <div class="configuration-test after">
                <span class="method-name">cleanUp</span>
                <span class="method-start">199934 ms</span>
              </div> <!-- configuration-test after -->
          </div> <!-- main-panel-content rounded-window-bottom -->
        </div> <!-- panel -->
      </div> <!-- main-panel-root -->
    </div> <!-- wrapper -->
  </body>
</html>
