<html>
<head>
<title>TestNG:  Test3</title>
<link href="../testng.css" rel="stylesheet" type="text/css" />
<link href="../my-testng.css" rel="stylesheet" type="text/css" />

<style type="text/css">
.log { display: none;} 
.stack-trace { display: none;} 
</style>
<script type="text/javascript">
<!--
function flip(e) {
  current = e.style.display;
  if (current == 'block') {
    e.style.display = 'none';
    return 0;
  }
  else {
    e.style.display = 'block';
    return 1;
  }
}

function toggleBox(szDivId, elem, msg1, msg2)
{
  var res = -1;  if (document.getElementById) {
    res = flip(document.getElementById(szDivId));
  }
  else if (document.all) {
    // this is the way old msie versions work
    res = flip(document.all[szDivId]);
  }
  if(elem) {
    if(res == 0) elem.innerHTML = msg1; else elem.innerHTML = msg2;
  }

}

function toggleAllBoxes() {
  if (document.getElementsByTagName) {
    d = document.getElementsByTagName('div');
    for (i = 0; i < d.length; i++) {
      if (d[i].className == 'log') {
        flip(d[i]);
      }
    }
  }
}

// -->
</script>

</head>
<body>
<h2 align='center'>Test3</h2><table border='1' align="center">
<tr>
<td>Tests passed/Failed/Skipped:</td><td>1/6/0</td>
</tr><tr>
<td>Started on:</td><td>Wed Sep 20 15:08:56 IST 2017</td>
</tr>
<tr><td>Total time:</td><td>158 seconds (158405 ms)</td>
</tr><tr>
<td>Included groups:</td><td></td>
</tr><tr>
<td>Excluded groups:</td><td></td>
</tr>
</table><p/>
<small><i>(Hover the method name to see the test class name)</i></small><p/>
<table width='100%' border='1' class='invocation-failed'>
<tr><td colspan='4' align='center'><b>FAILED TESTS</b></td></tr>
<tr><td><b>Test method</b></td>
<td width="30%"><b>Exception</b></td>
<td width="10%"><b>Time (seconds)</b></td>
<td><b>Instance</b></td>
</tr>
<tr>
<td title='testClasses.SocialLogin.facebookLogin()'><b>facebookLogin</b><br>Test class: testClasses.SocialLogin<br>Parameters: khanfiroj, Leeco1s<br/>
<a href="#Output-859123506" onClick='toggleBox("Output-859123506", this, "Show output", "Hide output");'>Show output</a>

<a href="#Output-859123506" onClick="toggleAllBoxes();">Show all outputs</a>
<div class='log' id="Output-859123506">
STEP8<br/>
</div>
</td>
<td><div><pre>java.lang.AssertionError: The following asserts failed:
	expected [Social Sign In | app.oneall.com] but found [Securely sign in to your account | app.oneall.com],
	expected [Social Sign In | app.oneall.com] but found [Securely sign in to your account | app.oneall.com],
	expected [Social Sign In | app.oneall.com] but found [Securely sign in to your account | app.oneall.com],
	expected [Social Sign In | app.oneall.com] but found [Securely sign in to your account | app.oneall.com],
	expected [Social Sign In | app.oneall.com] but found [Securely sign in to your account | app.oneall.com]
	at testClasses.SocialLogin.facebookLogin(SocialLogin.java:51)
... Removed 26 stack frames</pre></div><a href='#' onClick='toggleBox("stack-trace859123506", this, "Click to show all stack frames", "Click to hide stack frames")'>Click to show all stack frames</a>
<div class='stack-trace' id='stack-trace859123506'><pre>java.lang.AssertionError: The following asserts failed:
	expected [Social Sign In | app.oneall.com] but found [Securely sign in to your account | app.oneall.com],
	expected [Social Sign In | app.oneall.com] but found [Securely sign in to your account | app.oneall.com],
	expected [Social Sign In | app.oneall.com] but found [Securely sign in to your account | app.oneall.com],
	expected [Social Sign In | app.oneall.com] but found [Securely sign in to your account | app.oneall.com],
	expected [Social Sign In | app.oneall.com] but found [Securely sign in to your account | app.oneall.com]
	at org.testng.asserts.SoftAssert.assertAll(SoftAssert.java:43)
	at testClasses.SocialLogin.facebookLogin(SocialLogin.java:51)
	at sun.reflect.NativeMethodAccessorImpl.invoke0(Native Method)
	at sun.reflect.NativeMethodAccessorImpl.invoke(NativeMethodAccessorImpl.java:62)
	at sun.reflect.DelegatingMethodAccessorImpl.invoke(DelegatingMethodAccessorImpl.java:43)
	at java.lang.reflect.Method.invoke(Method.java:498)
	at org.testng.internal.MethodInvocationHelper.invokeMethod(MethodInvocationHelper.java:108)
	at org.testng.internal.Invoker.invokeMethod(Invoker.java:661)
	at org.testng.internal.Invoker.invokeTestMethod(Invoker.java:869)
	at org.testng.internal.Invoker.invokeTestMethods(Invoker.java:1193)
	at org.testng.internal.TestMethodWorker.invokeTestMethods(TestMethodWorker.java:126)
	at org.testng.internal.TestMethodWorker.run(TestMethodWorker.java:109)
	at org.testng.TestRunner.privateRun(TestRunner.java:744)
	at org.testng.TestRunner.run(TestRunner.java:602)
	at org.testng.SuiteRunner.runTest(SuiteRunner.java:380)
	at org.testng.SuiteRunner.runSequentially(SuiteRunner.java:375)
	at org.testng.SuiteRunner.privateRun(SuiteRunner.java:340)
	at org.testng.SuiteRunner.run(SuiteRunner.java:289)
	at org.testng.SuiteRunnerWorker.runSuite(SuiteRunnerWorker.java:52)
	at org.testng.SuiteRunnerWorker.run(SuiteRunnerWorker.java:86)
	at org.testng.TestNG.runSuitesSequentially(TestNG.java:1301)
	at org.testng.TestNG.runSuitesLocally(TestNG.java:1226)
	at org.testng.TestNG.runSuites(TestNG.java:1144)
	at org.testng.TestNG.run(TestNG.java:1115)
	at org.testng.remote.AbstractRemoteTestNG.run(AbstractRemoteTestNG.java:132)
	at org.testng.remote.RemoteTestNG.initAndRun(RemoteTestNG.java:230)
	at org.testng.remote.RemoteTestNG.main(RemoteTestNG.java:76)
</pre></div></td>
<td>10</td>
<td>testClasses.SocialLogin@1e965684</td></tr>
<tr>
<td title='testClasses.SocialLogin.facebookLogin()'><b>facebookLogin</b><br>Test class: testClasses.SocialLogin<br>Parameters: khanfiroj.01@gmail.com, Leeco1<br/>
<a href="#Output-1850874910" onClick='toggleBox("Output-1850874910", this, "Show output", "Hide output");'>Show output</a>

<a href="#Output-1850874910" onClick="toggleAllBoxes();">Show all outputs</a>
<div class='log' id="Output-1850874910">
STEP9<br/>
</div>
</td>
<td><div><pre>java.lang.AssertionError: The following asserts failed:
	expected [Social Sign In | app.oneall.com] but found [Securely sign in to your account | app.oneall.com],
	expected [Social Sign In | app.oneall.com] but found [Securely sign in to your account | app.oneall.com],
	expected [Social Sign In | app.oneall.com] but found [Securely sign in to your account | app.oneall.com],
	expected [Social Sign In | app.oneall.com] but found [Securely sign in to your account | app.oneall.com],
	expected [Social Sign In | app.oneall.com] but found [Securely sign in to your account | app.oneall.com],
	expected [Social Sign In | app.oneall.com] but found [Securely sign in to your account | app.oneall.com]
	at testClasses.SocialLogin.facebookLogin(SocialLogin.java:51)
... Removed 26 stack frames</pre></div><a href='#' onClick='toggleBox("stack-trace1850874910", this, "Click to show all stack frames", "Click to hide stack frames")'>Click to show all stack frames</a>
<div class='stack-trace' id='stack-trace1850874910'><pre>java.lang.AssertionError: The following asserts failed:
	expected [Social Sign In | app.oneall.com] but found [Securely sign in to your account | app.oneall.com],
	expected [Social Sign In | app.oneall.com] but found [Securely sign in to your account | app.oneall.com],
	expected [Social Sign In | app.oneall.com] but found [Securely sign in to your account | app.oneall.com],
	expected [Social Sign In | app.oneall.com] but found [Securely sign in to your account | app.oneall.com],
	expected [Social Sign In | app.oneall.com] but found [Securely sign in to your account | app.oneall.com],
	expected [Social Sign In | app.oneall.com] but found [Securely sign in to your account | app.oneall.com]
	at org.testng.asserts.SoftAssert.assertAll(SoftAssert.java:43)
	at testClasses.SocialLogin.facebookLogin(SocialLogin.java:51)
	at sun.reflect.NativeMethodAccessorImpl.invoke0(Native Method)
	at sun.reflect.NativeMethodAccessorImpl.invoke(NativeMethodAccessorImpl.java:62)
	at sun.reflect.DelegatingMethodAccessorImpl.invoke(DelegatingMethodAccessorImpl.java:43)
	at java.lang.reflect.Method.invoke(Method.java:498)
	at org.testng.internal.MethodInvocationHelper.invokeMethod(MethodInvocationHelper.java:108)
	at org.testng.internal.Invoker.invokeMethod(Invoker.java:661)
	at org.testng.internal.Invoker.invokeTestMethod(Invoker.java:869)
	at org.testng.internal.Invoker.invokeTestMethods(Invoker.java:1193)
	at org.testng.internal.TestMethodWorker.invokeTestMethods(TestMethodWorker.java:126)
	at org.testng.internal.TestMethodWorker.run(TestMethodWorker.java:109)
	at org.testng.TestRunner.privateRun(TestRunner.java:744)
	at org.testng.TestRunner.run(TestRunner.java:602)
	at org.testng.SuiteRunner.runTest(SuiteRunner.java:380)
	at org.testng.SuiteRunner.runSequentially(SuiteRunner.java:375)
	at org.testng.SuiteRunner.privateRun(SuiteRunner.java:340)
	at org.testng.SuiteRunner.run(SuiteRunner.java:289)
	at org.testng.SuiteRunnerWorker.runSuite(SuiteRunnerWorker.java:52)
	at org.testng.SuiteRunnerWorker.run(SuiteRunnerWorker.java:86)
	at org.testng.TestNG.runSuitesSequentially(TestNG.java:1301)
	at org.testng.TestNG.runSuitesLocally(TestNG.java:1226)
	at org.testng.TestNG.runSuites(TestNG.java:1144)
	at org.testng.TestNG.run(TestNG.java:1115)
	at org.testng.remote.AbstractRemoteTestNG.run(AbstractRemoteTestNG.java:132)
	at org.testng.remote.RemoteTestNG.initAndRun(RemoteTestNG.java:230)
	at org.testng.remote.RemoteTestNG.main(RemoteTestNG.java:76)
</pre></div></td>
<td>10</td>
<td>testClasses.SocialLogin@1e965684</td></tr>
<tr>
<td title='testClasses.SocialLogin.linkdinLogin()'><b>linkdinLogin</b><br>Test class: testClasses.SocialLogin<br>Parameters: khanfiroj, Leeco1s<br/>
<a href="#Output-96039159" onClick='toggleBox("Output-96039159", this, "Show output", "Hide output");'>Show output</a>

<a href="#Output-96039159" onClick="toggleAllBoxes();">Show all outputs</a>
<div class='log' id="Output-96039159">
STEP6<br/>
</div>
</td>
<td><div><pre>java.lang.AssertionError: The following asserts failed:
	expected [Social Sign In | app.oneall.com] but found [Securely sign in to your account | app.oneall.com],
	expected [Social Sign In | app.oneall.com] but found [Securely sign in to your account | app.oneall.com],
	expected [Social Sign In | app.oneall.com] but found [Securely sign in to your account | app.oneall.com]
	at testClasses.SocialLogin.linkdinLogin(SocialLogin.java:111)
... Removed 26 stack frames</pre></div><a href='#' onClick='toggleBox("stack-trace96039159", this, "Click to show all stack frames", "Click to hide stack frames")'>Click to show all stack frames</a>
<div class='stack-trace' id='stack-trace96039159'><pre>java.lang.AssertionError: The following asserts failed:
	expected [Social Sign In | app.oneall.com] but found [Securely sign in to your account | app.oneall.com],
	expected [Social Sign In | app.oneall.com] but found [Securely sign in to your account | app.oneall.com],
	expected [Social Sign In | app.oneall.com] but found [Securely sign in to your account | app.oneall.com]
	at org.testng.asserts.SoftAssert.assertAll(SoftAssert.java:43)
	at testClasses.SocialLogin.linkdinLogin(SocialLogin.java:111)
	at sun.reflect.NativeMethodAccessorImpl.invoke0(Native Method)
	at sun.reflect.NativeMethodAccessorImpl.invoke(NativeMethodAccessorImpl.java:62)
	at sun.reflect.DelegatingMethodAccessorImpl.invoke(DelegatingMethodAccessorImpl.java:43)
	at java.lang.reflect.Method.invoke(Method.java:498)
	at org.testng.internal.MethodInvocationHelper.invokeMethod(MethodInvocationHelper.java:108)
	at org.testng.internal.Invoker.invokeMethod(Invoker.java:661)
	at org.testng.internal.Invoker.invokeTestMethod(Invoker.java:869)
	at org.testng.internal.Invoker.invokeTestMethods(Invoker.java:1193)
	at org.testng.internal.TestMethodWorker.invokeTestMethods(TestMethodWorker.java:126)
	at org.testng.internal.TestMethodWorker.run(TestMethodWorker.java:109)
	at org.testng.TestRunner.privateRun(TestRunner.java:744)
	at org.testng.TestRunner.run(TestRunner.java:602)
	at org.testng.SuiteRunner.runTest(SuiteRunner.java:380)
	at org.testng.SuiteRunner.runSequentially(SuiteRunner.java:375)
	at org.testng.SuiteRunner.privateRun(SuiteRunner.java:340)
	at org.testng.SuiteRunner.run(SuiteRunner.java:289)
	at org.testng.SuiteRunnerWorker.runSuite(SuiteRunnerWorker.java:52)
	at org.testng.SuiteRunnerWorker.run(SuiteRunnerWorker.java:86)
	at org.testng.TestNG.runSuitesSequentially(TestNG.java:1301)
	at org.testng.TestNG.runSuitesLocally(TestNG.java:1226)
	at org.testng.TestNG.runSuites(TestNG.java:1144)
	at org.testng.TestNG.run(TestNG.java:1115)
	at org.testng.remote.AbstractRemoteTestNG.run(AbstractRemoteTestNG.java:132)
	at org.testng.remote.RemoteTestNG.initAndRun(RemoteTestNG.java:230)
	at org.testng.remote.RemoteTestNG.main(RemoteTestNG.java:76)
</pre></div></td>
<td>12</td>
<td>testClasses.SocialLogin@1e965684</td></tr>
<tr>
<td title='testClasses.SocialLogin.linkdinLogin()'><b>linkdinLogin</b><br>Test class: testClasses.SocialLogin<br>Parameters: khanfiroj.01@gmail.com, Leeco1<br/>
<a href="#Output-40875560" onClick='toggleBox("Output-40875560", this, "Show output", "Hide output");'>Show output</a>

<a href="#Output-40875560" onClick="toggleAllBoxes();">Show all outputs</a>
<div class='log' id="Output-40875560">
STEP7<br/>
</div>
</td>
<td><div><pre>java.lang.AssertionError: The following asserts failed:
	expected [Social Sign In | app.oneall.com] but found [Securely sign in to your account | app.oneall.com],
	expected [Social Sign In | app.oneall.com] but found [Securely sign in to your account | app.oneall.com],
	expected [Social Sign In | app.oneall.com] but found [Securely sign in to your account | app.oneall.com],
	expected [Social Sign In | app.oneall.com] but found [Securely sign in to your account | app.oneall.com]
	at testClasses.SocialLogin.linkdinLogin(SocialLogin.java:111)
... Removed 26 stack frames</pre></div><a href='#' onClick='toggleBox("stack-trace40875560", this, "Click to show all stack frames", "Click to hide stack frames")'>Click to show all stack frames</a>
<div class='stack-trace' id='stack-trace40875560'><pre>java.lang.AssertionError: The following asserts failed:
	expected [Social Sign In | app.oneall.com] but found [Securely sign in to your account | app.oneall.com],
	expected [Social Sign In | app.oneall.com] but found [Securely sign in to your account | app.oneall.com],
	expected [Social Sign In | app.oneall.com] but found [Securely sign in to your account | app.oneall.com],
	expected [Social Sign In | app.oneall.com] but found [Securely sign in to your account | app.oneall.com]
	at org.testng.asserts.SoftAssert.assertAll(SoftAssert.java:43)
	at testClasses.SocialLogin.linkdinLogin(SocialLogin.java:111)
	at sun.reflect.NativeMethodAccessorImpl.invoke0(Native Method)
	at sun.reflect.NativeMethodAccessorImpl.invoke(NativeMethodAccessorImpl.java:62)
	at sun.reflect.DelegatingMethodAccessorImpl.invoke(DelegatingMethodAccessorImpl.java:43)
	at java.lang.reflect.Method.invoke(Method.java:498)
	at org.testng.internal.MethodInvocationHelper.invokeMethod(MethodInvocationHelper.java:108)
	at org.testng.internal.Invoker.invokeMethod(Invoker.java:661)
	at org.testng.internal.Invoker.invokeTestMethod(Invoker.java:869)
	at org.testng.internal.Invoker.invokeTestMethods(Invoker.java:1193)
	at org.testng.internal.TestMethodWorker.invokeTestMethods(TestMethodWorker.java:126)
	at org.testng.internal.TestMethodWorker.run(TestMethodWorker.java:109)
	at org.testng.TestRunner.privateRun(TestRunner.java:744)
	at org.testng.TestRunner.run(TestRunner.java:602)
	at org.testng.SuiteRunner.runTest(SuiteRunner.java:380)
	at org.testng.SuiteRunner.runSequentially(SuiteRunner.java:375)
	at org.testng.SuiteRunner.privateRun(SuiteRunner.java:340)
	at org.testng.SuiteRunner.run(SuiteRunner.java:289)
	at org.testng.SuiteRunnerWorker.runSuite(SuiteRunnerWorker.java:52)
	at org.testng.SuiteRunnerWorker.run(SuiteRunnerWorker.java:86)
	at org.testng.TestNG.runSuitesSequentially(TestNG.java:1301)
	at org.testng.TestNG.runSuitesLocally(TestNG.java:1226)
	at org.testng.TestNG.runSuites(TestNG.java:1144)
	at org.testng.TestNG.run(TestNG.java:1115)
	at org.testng.remote.AbstractRemoteTestNG.run(AbstractRemoteTestNG.java:132)
	at org.testng.remote.RemoteTestNG.initAndRun(RemoteTestNG.java:230)
	at org.testng.remote.RemoteTestNG.main(RemoteTestNG.java:76)
</pre></div></td>
<td>10</td>
<td>testClasses.SocialLogin@1e965684</td></tr>
<tr>
<td title='testClasses.SocialLogin.twitterLogin()'><b>twitterLogin</b><br>Test class: testClasses.SocialLogin<br>Parameters: khanfiroj, Leeco1s<br/>
<a href="#Output-785625589" onClick='toggleBox("Output-785625589", this, "Show output", "Hide output");'>Show output</a>

<a href="#Output-785625589" onClick="toggleAllBoxes();">Show all outputs</a>
<div class='log' id="Output-785625589">
STEP4<br/>
</div>
</td>
<td><div><pre>java.lang.AssertionError: The following asserts failed:
	expected [Social Sign In | app.oneall.com] but found [Securely sign in to your account | app.oneall.com]
	at testClasses.SocialLogin.twitterLogin(SocialLogin.java:90)
... Removed 26 stack frames</pre></div><a href='#' onClick='toggleBox("stack-trace785625589", this, "Click to show all stack frames", "Click to hide stack frames")'>Click to show all stack frames</a>
<div class='stack-trace' id='stack-trace785625589'><pre>java.lang.AssertionError: The following asserts failed:
	expected [Social Sign In | app.oneall.com] but found [Securely sign in to your account | app.oneall.com]
	at org.testng.asserts.SoftAssert.assertAll(SoftAssert.java:43)
	at testClasses.SocialLogin.twitterLogin(SocialLogin.java:90)
	at sun.reflect.NativeMethodAccessorImpl.invoke0(Native Method)
	at sun.reflect.NativeMethodAccessorImpl.invoke(NativeMethodAccessorImpl.java:62)
	at sun.reflect.DelegatingMethodAccessorImpl.invoke(DelegatingMethodAccessorImpl.java:43)
	at java.lang.reflect.Method.invoke(Method.java:498)
	at org.testng.internal.MethodInvocationHelper.invokeMethod(MethodInvocationHelper.java:108)
	at org.testng.internal.Invoker.invokeMethod(Invoker.java:661)
	at org.testng.internal.Invoker.invokeTestMethod(Invoker.java:869)
	at org.testng.internal.Invoker.invokeTestMethods(Invoker.java:1193)
	at org.testng.internal.TestMethodWorker.invokeTestMethods(TestMethodWorker.java:126)
	at org.testng.internal.TestMethodWorker.run(TestMethodWorker.java:109)
	at org.testng.TestRunner.privateRun(TestRunner.java:744)
	at org.testng.TestRunner.run(TestRunner.java:602)
	at org.testng.SuiteRunner.runTest(SuiteRunner.java:380)
	at org.testng.SuiteRunner.runSequentially(SuiteRunner.java:375)
	at org.testng.SuiteRunner.privateRun(SuiteRunner.java:340)
	at org.testng.SuiteRunner.run(SuiteRunner.java:289)
	at org.testng.SuiteRunnerWorker.runSuite(SuiteRunnerWorker.java:52)
	at org.testng.SuiteRunnerWorker.run(SuiteRunnerWorker.java:86)
	at org.testng.TestNG.runSuitesSequentially(TestNG.java:1301)
	at org.testng.TestNG.runSuitesLocally(TestNG.java:1226)
	at org.testng.TestNG.runSuites(TestNG.java:1144)
	at org.testng.TestNG.run(TestNG.java:1115)
	at org.testng.remote.AbstractRemoteTestNG.run(AbstractRemoteTestNG.java:132)
	at org.testng.remote.RemoteTestNG.initAndRun(RemoteTestNG.java:230)
	at org.testng.remote.RemoteTestNG.main(RemoteTestNG.java:76)
</pre></div></td>
<td>33</td>
<td>testClasses.SocialLogin@1e965684</td></tr>
<tr>
<td title='testClasses.SocialLogin.twitterLogin()'><b>twitterLogin</b><br>Test class: testClasses.SocialLogin<br>Parameters: khanfiroj.01@gmail.com, Leeco1<br/>
<a href="#Output-224060798" onClick='toggleBox("Output-224060798", this, "Show output", "Hide output");'>Show output</a>

<a href="#Output-224060798" onClick="toggleAllBoxes();">Show all outputs</a>
<div class='log' id="Output-224060798">
STEP5<br/>
</div>
</td>
<td><div><pre>java.lang.AssertionError: The following asserts failed:
	expected [Social Sign In | app.oneall.com] but found [Securely sign in to your account | app.oneall.com],
	expected [Social Sign In | app.oneall.com] but found [Securely sign in to your account | app.oneall.com]
	at testClasses.SocialLogin.twitterLogin(SocialLogin.java:90)
... Removed 26 stack frames</pre></div><a href='#' onClick='toggleBox("stack-trace224060798", this, "Click to show all stack frames", "Click to hide stack frames")'>Click to show all stack frames</a>
<div class='stack-trace' id='stack-trace224060798'><pre>java.lang.AssertionError: The following asserts failed:
	expected [Social Sign In | app.oneall.com] but found [Securely sign in to your account | app.oneall.com],
	expected [Social Sign In | app.oneall.com] but found [Securely sign in to your account | app.oneall.com]
	at org.testng.asserts.SoftAssert.assertAll(SoftAssert.java:43)
	at testClasses.SocialLogin.twitterLogin(SocialLogin.java:90)
	at sun.reflect.NativeMethodAccessorImpl.invoke0(Native Method)
	at sun.reflect.NativeMethodAccessorImpl.invoke(NativeMethodAccessorImpl.java:62)
	at sun.reflect.DelegatingMethodAccessorImpl.invoke(DelegatingMethodAccessorImpl.java:43)
	at java.lang.reflect.Method.invoke(Method.java:498)
	at org.testng.internal.MethodInvocationHelper.invokeMethod(MethodInvocationHelper.java:108)
	at org.testng.internal.Invoker.invokeMethod(Invoker.java:661)
	at org.testng.internal.Invoker.invokeTestMethod(Invoker.java:869)
	at org.testng.internal.Invoker.invokeTestMethods(Invoker.java:1193)
	at org.testng.internal.TestMethodWorker.invokeTestMethods(TestMethodWorker.java:126)
	at org.testng.internal.TestMethodWorker.run(TestMethodWorker.java:109)
	at org.testng.TestRunner.privateRun(TestRunner.java:744)
	at org.testng.TestRunner.run(TestRunner.java:602)
	at org.testng.SuiteRunner.runTest(SuiteRunner.java:380)
	at org.testng.SuiteRunner.runSequentially(SuiteRunner.java:375)
	at org.testng.SuiteRunner.privateRun(SuiteRunner.java:340)
	at org.testng.SuiteRunner.run(SuiteRunner.java:289)
	at org.testng.SuiteRunnerWorker.runSuite(SuiteRunnerWorker.java:52)
	at org.testng.SuiteRunnerWorker.run(SuiteRunnerWorker.java:86)
	at org.testng.TestNG.runSuitesSequentially(TestNG.java:1301)
	at org.testng.TestNG.runSuitesLocally(TestNG.java:1226)
	at org.testng.TestNG.runSuites(TestNG.java:1144)
	at org.testng.TestNG.run(TestNG.java:1115)
	at org.testng.remote.AbstractRemoteTestNG.run(AbstractRemoteTestNG.java:132)
	at org.testng.remote.RemoteTestNG.initAndRun(RemoteTestNG.java:230)
	at org.testng.remote.RemoteTestNG.main(RemoteTestNG.java:76)
</pre></div></td>
<td>29</td>
<td>testClasses.SocialLogin@1e965684</td></tr>
</table><p>
<table width='100%' border='1' class='invocation-passed'>
<tr><td colspan='4' align='center'><b>PASSED TESTS</b></td></tr>
<tr><td><b>Test method</b></td>
<td width="30%"><b>Exception</b></td>
<td width="10%"><b>Time (seconds)</b></td>
<td><b>Instance</b></td>
</tr>
<tr>
<td title='testClasses.SocialLogin.gmailLogin()'><b>gmailLogin</b><br>Test class: testClasses.SocialLogin<br>Parameters: khanfiroj.01@gmail.com, Mylove01$%<br/>
<a href="#Output-259319861" onClick='toggleBox("Output-259319861", this, "Show output", "Hide output");'>Show output</a>

<a href="#Output-259319861" onClick="toggleAllBoxes();">Show all outputs</a>
<div class='log' id="Output-259319861">
STEP3<br/>
</div>
</td>
<td></td>
<td>38</td>
<td>testClasses.SocialLogin@1e965684</td></tr>
</table><p>
</body>
</html>