<?xml version="1.0" encoding="UTF-8"?>
<!-- Generated by org.testng.reporters.JUnitXMLReporter -->
<testsuite hostname="firozkhan" ignored="0" name="Test" tests="13" failures="11" timestamp="19 Sep 2017 08:34:18 GMT" time="203.582" errors="0">
  <testcase name="@AfterTest afterTest" time="5.027" classname="testClasses.Search">
    <failure type="org.openqa.selenium.WebDriverException" message="chrome not reachable
  (Session info: chrome=60.0.3112.113)
  (Driver info: chromedriver=2.31.488763 (092de99f48a300323ecf8c2a4e2e7cab51de5ba8),platform=Windows NT 6.3.9600 x86_64) (WARNING: The server did not provide any stacktrace information)
Command duration or timeout: 2.03 seconds
Build info: version: &amp;apos;3.4.0&amp;apos;, revision: &amp;apos;unknown&amp;apos;, time: &amp;apos;unknown&amp;apos;
System info: host: &amp;apos;FIROZKHAN&amp;apos;, ip: &amp;apos;169.254.164.196&amp;apos;, os.name: &amp;apos;Windows 8.1&amp;apos;, os.arch: &amp;apos;amd64&amp;apos;, os.version: &amp;apos;6.3&amp;apos;, java.version: &amp;apos;1.8.0_131&amp;apos;
Driver info: org.openqa.selenium.chrome.ChromeDriver
Capabilities [{applicationCacheEnabled=false, rotatable=false, mobileEmulationEnabled=false, networkConnectionEnabled=false, chrome={chromedriverVersion=2.31.488763 (092de99f48a300323ecf8c2a4e2e7cab51de5ba8), userDataDir=C:\Users\firoz\AppData\Local\Temp\scoped_dir5728_23701}, takesHeapSnapshot=true, pageLoadStrategy=normal, databaseEnabled=false, handlesAlerts=true, hasTouchScreen=false, version=60.0.3112.113, platform=WIN8_1, browserConnectionEnabled=false, nativeEvents=true, acceptSslCerts=true, locationContextEnabled=true, webStorageEnabled=true, browserName=chrome, takesScreenshot=true, javascriptEnabled=true, cssSelectorsEnabled=true, setWindowRect=true, unexpectedAlertBehaviour=}]
Session ID: 4d48b4f6680f3d6905891ed4191b57e4">
      <![CDATA[org.openqa.selenium.WebDriverException: chrome not reachable
  (Session info: chrome=60.0.3112.113)
  (Driver info: chromedriver=2.31.488763 (092de99f48a300323ecf8c2a4e2e7cab51de5ba8),platform=Windows NT 6.3.9600 x86_64) (WARNING: The server did not provide any stacktrace information)
Command duration or timeout: 2.03 seconds
Build info: version: '3.4.0', revision: 'unknown', time: 'unknown'
System info: host: 'FIROZKHAN', ip: '169.254.164.196', os.name: 'Windows 8.1', os.arch: 'amd64', os.version: '6.3', java.version: '1.8.0_131'
Driver info: org.openqa.selenium.chrome.ChromeDriver
Capabilities [{applicationCacheEnabled=false, rotatable=false, mobileEmulationEnabled=false, networkConnectionEnabled=false, chrome={chromedriverVersion=2.31.488763 (092de99f48a300323ecf8c2a4e2e7cab51de5ba8), userDataDir=C:\Users\firoz\AppData\Local\Temp\scoped_dir5728_23701}, takesHeapSnapshot=true, pageLoadStrategy=normal, databaseEnabled=false, handlesAlerts=true, hasTouchScreen=false, version=60.0.3112.113, platform=WIN8_1, browserConnectionEnabled=false, nativeEvents=true, acceptSslCerts=true, locationContextEnabled=true, webStorageEnabled=true, browserName=chrome, takesScreenshot=true, javascriptEnabled=true, cssSelectorsEnabled=true, setWindowRect=true, unexpectedAlertBehaviour=}]
Session ID: 4d48b4f6680f3d6905891ed4191b57e4
	at org.openqa.selenium.remote.ErrorHandler.createThrowable(ErrorHandler.java:215)
	at org.openqa.selenium.remote.ErrorHandler.throwIfResponseFailed(ErrorHandler.java:167)
	at org.openqa.selenium.remote.RemoteWebDriver.execute(RemoteWebDriver.java:671)
	at org.openqa.selenium.remote.RemoteWebDriver.execute(RemoteWebDriver.java:694)
	at org.openqa.selenium.remote.RemoteWebDriver.close(RemoteWebDriver.java:523)
	at testClasses.Search.afterTest(Search.java:74)
... Removed 27 stack frames]]>
    </failure>
  </testcase> <!-- @AfterTest afterTest -->
  <testcase name="@AfterTest cleanUp" time="0.0" classname="testClasses.SocialLogin">
    <skipped/>
  </testcase> <!-- @AfterTest cleanUp -->
  <testcase name="login" time="4.056" classname="testClasses.Login"/>
  <testcase name="login" time="3.537" classname="testClasses.Login">
    <failure type="java.lang.AssertionError" message="The following asserts failed:
	expected [Find a Flight: Mercury Tours:] but found [Sign-on: Mercury Tours]">
      <![CDATA[java.lang.AssertionError: The following asserts failed:
	expected [Find a Flight: Mercury Tours:] but found [Sign-on: Mercury Tours]
	at testClasses.Login.login(Login.java:48)
... Removed 26 stack frames]]>
    </failure>
  </testcase> <!-- login -->
  <testcase name="searchTest" time="0.195" classname="testClasses.Search">
    <failure type="org.openqa.selenium.WebDriverException" message="unknown error: Element &amp;lt;input type=&amp;quot;search&amp;quot; autocomplete=&amp;quot;off&amp;quot; value=&amp;quot;&amp;quot; placeholder=&amp;quot;Search&amp;quot; name=&amp;quot;mssearch&amp;quot; id=&amp;quot;s&amp;quot; class=&amp;quot;searchbox-input search-box-field&amp;quot; onkeyup=&amp;quot;buttonUp();&amp;quot; required=&amp;quot;&amp;quot;&amp;gt; is not clickable at point (1199, 92). Other element would receive the click: &amp;lt;span class=&amp;quot;searchbox-icon&amp;quot;&amp;gt;&amp;lt;/span&amp;gt;
  (Session info: chrome=60.0.3112.113)
  (Driver info: chromedriver=2.31.488763 (092de99f48a300323ecf8c2a4e2e7cab51de5ba8),platform=Windows NT 6.3.9600 x86_64) (WARNING: The server did not provide any stacktrace information)
Command duration or timeout: 74 milliseconds
Build info: version: &amp;apos;3.4.0&amp;apos;, revision: &amp;apos;unknown&amp;apos;, time: &amp;apos;unknown&amp;apos;
System info: host: &amp;apos;FIROZKHAN&amp;apos;, ip: &amp;apos;169.254.164.196&amp;apos;, os.name: &amp;apos;Windows 8.1&amp;apos;, os.arch: &amp;apos;amd64&amp;apos;, os.version: &amp;apos;6.3&amp;apos;, java.version: &amp;apos;1.8.0_131&amp;apos;
Driver info: org.openqa.selenium.chrome.ChromeDriver
Capabilities [{applicationCacheEnabled=false, rotatable=false, mobileEmulationEnabled=false, networkConnectionEnabled=false, chrome={chromedriverVersion=2.31.488763 (092de99f48a300323ecf8c2a4e2e7cab51de5ba8), userDataDir=C:\Users\firoz\AppData\Local\Temp\scoped_dir5728_23701}, takesHeapSnapshot=true, pageLoadStrategy=normal, databaseEnabled=false, handlesAlerts=true, hasTouchScreen=false, version=60.0.3112.113, platform=WIN8_1, browserConnectionEnabled=false, nativeEvents=true, acceptSslCerts=true, locationContextEnabled=true, webStorageEnabled=true, browserName=chrome, takesScreenshot=true, javascriptEnabled=true, cssSelectorsEnabled=true, setWindowRect=true, unexpectedAlertBehaviour=}]
Session ID: 4d48b4f6680f3d6905891ed4191b57e4">
      <![CDATA[org.openqa.selenium.WebDriverException: unknown error: Element <input type="search" autocomplete="off" value="" placeholder="Search" name="mssearch" id="s" class="searchbox-input search-box-field" onkeyup="buttonUp();" required=""> is not clickable at point (1199, 92). Other element would receive the click: <span class="searchbox-icon"></span>
  (Session info: chrome=60.0.3112.113)
  (Driver info: chromedriver=2.31.488763 (092de99f48a300323ecf8c2a4e2e7cab51de5ba8),platform=Windows NT 6.3.9600 x86_64) (WARNING: The server did not provide any stacktrace information)
Command duration or timeout: 74 milliseconds
Build info: version: '3.4.0', revision: 'unknown', time: 'unknown'
System info: host: 'FIROZKHAN', ip: '169.254.164.196', os.name: 'Windows 8.1', os.arch: 'amd64', os.version: '6.3', java.version: '1.8.0_131'
Driver info: org.openqa.selenium.chrome.ChromeDriver
Capabilities [{applicationCacheEnabled=false, rotatable=false, mobileEmulationEnabled=false, networkConnectionEnabled=false, chrome={chromedriverVersion=2.31.488763 (092de99f48a300323ecf8c2a4e2e7cab51de5ba8), userDataDir=C:\Users\firoz\AppData\Local\Temp\scoped_dir5728_23701}, takesHeapSnapshot=true, pageLoadStrategy=normal, databaseEnabled=false, handlesAlerts=true, hasTouchScreen=false, version=60.0.3112.113, platform=WIN8_1, browserConnectionEnabled=false, nativeEvents=true, acceptSslCerts=true, locationContextEnabled=true, webStorageEnabled=true, browserName=chrome, takesScreenshot=true, javascriptEnabled=true, cssSelectorsEnabled=true, setWindowRect=true, unexpectedAlertBehaviour=}]
Session ID: 4d48b4f6680f3d6905891ed4191b57e4
	at org.openqa.selenium.remote.ErrorHandler.createThrowable(ErrorHandler.java:215)
	at org.openqa.selenium.remote.ErrorHandler.throwIfResponseFailed(ErrorHandler.java:167)
	at org.openqa.selenium.remote.RemoteWebDriver.execute(RemoteWebDriver.java:671)
	at org.openqa.selenium.remote.RemoteWebElement.execute(RemoteWebElement.java:272)
	at org.openqa.selenium.remote.RemoteWebElement.click(RemoteWebElement.java:82)
	at org.openqa.selenium.support.pagefactory.internal.LocatingElementHandler.invoke(LocatingElementHandler.java:51)
	at com.sun.proxy.$Proxy8.click(Unknown Source)
	at pom.pages.SearchPage.search(SearchPage.java:31)
	at testClasses.Search.searchTest(Search.java:39)
... Removed 33 stack frames]]>
    </failure>
  </testcase> <!-- searchTest -->
  <testcase name="searchTest" time="0.104" classname="testClasses.Search">
    <failure type="org.openqa.selenium.WebDriverException" message="unknown error: Element &amp;lt;input type=&amp;quot;search&amp;quot; autocomplete=&amp;quot;off&amp;quot; value=&amp;quot;&amp;quot; placeholder=&amp;quot;Search&amp;quot; name=&amp;quot;mssearch&amp;quot; id=&amp;quot;s&amp;quot; class=&amp;quot;searchbox-input search-box-field&amp;quot; onkeyup=&amp;quot;buttonUp();&amp;quot; required=&amp;quot;&amp;quot;&amp;gt; is not clickable at point (1199, 92). Other element would receive the click: &amp;lt;span class=&amp;quot;searchbox-icon&amp;quot;&amp;gt;&amp;lt;/span&amp;gt;
  (Session info: chrome=60.0.3112.113)
  (Driver info: chromedriver=2.31.488763 (092de99f48a300323ecf8c2a4e2e7cab51de5ba8),platform=Windows NT 6.3.9600 x86_64) (WARNING: The server did not provide any stacktrace information)
Command duration or timeout: 34 milliseconds
Build info: version: &amp;apos;3.4.0&amp;apos;, revision: &amp;apos;unknown&amp;apos;, time: &amp;apos;unknown&amp;apos;
System info: host: &amp;apos;FIROZKHAN&amp;apos;, ip: &amp;apos;169.254.164.196&amp;apos;, os.name: &amp;apos;Windows 8.1&amp;apos;, os.arch: &amp;apos;amd64&amp;apos;, os.version: &amp;apos;6.3&amp;apos;, java.version: &amp;apos;1.8.0_131&amp;apos;
Driver info: org.openqa.selenium.chrome.ChromeDriver
Capabilities [{applicationCacheEnabled=false, rotatable=false, mobileEmulationEnabled=false, networkConnectionEnabled=false, chrome={chromedriverVersion=2.31.488763 (092de99f48a300323ecf8c2a4e2e7cab51de5ba8), userDataDir=C:\Users\firoz\AppData\Local\Temp\scoped_dir5728_23701}, takesHeapSnapshot=true, pageLoadStrategy=normal, databaseEnabled=false, handlesAlerts=true, hasTouchScreen=false, version=60.0.3112.113, platform=WIN8_1, browserConnectionEnabled=false, nativeEvents=true, acceptSslCerts=true, locationContextEnabled=true, webStorageEnabled=true, browserName=chrome, takesScreenshot=true, javascriptEnabled=true, cssSelectorsEnabled=true, setWindowRect=true, unexpectedAlertBehaviour=}]
Session ID: 4d48b4f6680f3d6905891ed4191b57e4">
      <![CDATA[org.openqa.selenium.WebDriverException: unknown error: Element <input type="search" autocomplete="off" value="" placeholder="Search" name="mssearch" id="s" class="searchbox-input search-box-field" onkeyup="buttonUp();" required=""> is not clickable at point (1199, 92). Other element would receive the click: <span class="searchbox-icon"></span>
  (Session info: chrome=60.0.3112.113)
  (Driver info: chromedriver=2.31.488763 (092de99f48a300323ecf8c2a4e2e7cab51de5ba8),platform=Windows NT 6.3.9600 x86_64) (WARNING: The server did not provide any stacktrace information)
Command duration or timeout: 34 milliseconds
Build info: version: '3.4.0', revision: 'unknown', time: 'unknown'
System info: host: 'FIROZKHAN', ip: '169.254.164.196', os.name: 'Windows 8.1', os.arch: 'amd64', os.version: '6.3', java.version: '1.8.0_131'
Driver info: org.openqa.selenium.chrome.ChromeDriver
Capabilities [{applicationCacheEnabled=false, rotatable=false, mobileEmulationEnabled=false, networkConnectionEnabled=false, chrome={chromedriverVersion=2.31.488763 (092de99f48a300323ecf8c2a4e2e7cab51de5ba8), userDataDir=C:\Users\firoz\AppData\Local\Temp\scoped_dir5728_23701}, takesHeapSnapshot=true, pageLoadStrategy=normal, databaseEnabled=false, handlesAlerts=true, hasTouchScreen=false, version=60.0.3112.113, platform=WIN8_1, browserConnectionEnabled=false, nativeEvents=true, acceptSslCerts=true, locationContextEnabled=true, webStorageEnabled=true, browserName=chrome, takesScreenshot=true, javascriptEnabled=true, cssSelectorsEnabled=true, setWindowRect=true, unexpectedAlertBehaviour=}]
Session ID: 4d48b4f6680f3d6905891ed4191b57e4
	at org.openqa.selenium.remote.ErrorHandler.createThrowable(ErrorHandler.java:215)
	at org.openqa.selenium.remote.ErrorHandler.throwIfResponseFailed(ErrorHandler.java:167)
	at org.openqa.selenium.remote.RemoteWebDriver.execute(RemoteWebDriver.java:671)
	at org.openqa.selenium.remote.RemoteWebElement.execute(RemoteWebElement.java:272)
	at org.openqa.selenium.remote.RemoteWebElement.click(RemoteWebElement.java:82)
	at org.openqa.selenium.support.pagefactory.internal.LocatingElementHandler.invoke(LocatingElementHandler.java:51)
	at com.sun.proxy.$Proxy8.click(Unknown Source)
	at pom.pages.SearchPage.search(SearchPage.java:31)
	at testClasses.Search.searchTest(Search.java:39)
... Removed 33 stack frames]]>
    </failure>
  </testcase> <!-- searchTest -->
  <testcase name="searchTest" time="0.067" classname="testClasses.Search">
    <failure type="org.openqa.selenium.WebDriverException" message="unknown error: Element &amp;lt;input type=&amp;quot;search&amp;quot; autocomplete=&amp;quot;off&amp;quot; value=&amp;quot;&amp;quot; placeholder=&amp;quot;Search&amp;quot; name=&amp;quot;mssearch&amp;quot; id=&amp;quot;s&amp;quot; class=&amp;quot;searchbox-input search-box-field&amp;quot; onkeyup=&amp;quot;buttonUp();&amp;quot; required=&amp;quot;&amp;quot;&amp;gt; is not clickable at point (1199, 92). Other element would receive the click: &amp;lt;span class=&amp;quot;searchbox-icon&amp;quot;&amp;gt;&amp;lt;/span&amp;gt;
  (Session info: chrome=60.0.3112.113)
  (Driver info: chromedriver=2.31.488763 (092de99f48a300323ecf8c2a4e2e7cab51de5ba8),platform=Windows NT 6.3.9600 x86_64) (WARNING: The server did not provide any stacktrace information)
Command duration or timeout: 26 milliseconds
Build info: version: &amp;apos;3.4.0&amp;apos;, revision: &amp;apos;unknown&amp;apos;, time: &amp;apos;unknown&amp;apos;
System info: host: &amp;apos;FIROZKHAN&amp;apos;, ip: &amp;apos;169.254.164.196&amp;apos;, os.name: &amp;apos;Windows 8.1&amp;apos;, os.arch: &amp;apos;amd64&amp;apos;, os.version: &amp;apos;6.3&amp;apos;, java.version: &amp;apos;1.8.0_131&amp;apos;
Driver info: org.openqa.selenium.chrome.ChromeDriver
Capabilities [{applicationCacheEnabled=false, rotatable=false, mobileEmulationEnabled=false, networkConnectionEnabled=false, chrome={chromedriverVersion=2.31.488763 (092de99f48a300323ecf8c2a4e2e7cab51de5ba8), userDataDir=C:\Users\firoz\AppData\Local\Temp\scoped_dir5728_23701}, takesHeapSnapshot=true, pageLoadStrategy=normal, databaseEnabled=false, handlesAlerts=true, hasTouchScreen=false, version=60.0.3112.113, platform=WIN8_1, browserConnectionEnabled=false, nativeEvents=true, acceptSslCerts=true, locationContextEnabled=true, webStorageEnabled=true, browserName=chrome, takesScreenshot=true, javascriptEnabled=true, cssSelectorsEnabled=true, setWindowRect=true, unexpectedAlertBehaviour=}]
Session ID: 4d48b4f6680f3d6905891ed4191b57e4">
      <![CDATA[org.openqa.selenium.WebDriverException: unknown error: Element <input type="search" autocomplete="off" value="" placeholder="Search" name="mssearch" id="s" class="searchbox-input search-box-field" onkeyup="buttonUp();" required=""> is not clickable at point (1199, 92). Other element would receive the click: <span class="searchbox-icon"></span>
  (Session info: chrome=60.0.3112.113)
  (Driver info: chromedriver=2.31.488763 (092de99f48a300323ecf8c2a4e2e7cab51de5ba8),platform=Windows NT 6.3.9600 x86_64) (WARNING: The server did not provide any stacktrace information)
Command duration or timeout: 26 milliseconds
Build info: version: '3.4.0', revision: 'unknown', time: 'unknown'
System info: host: 'FIROZKHAN', ip: '169.254.164.196', os.name: 'Windows 8.1', os.arch: 'amd64', os.version: '6.3', java.version: '1.8.0_131'
Driver info: org.openqa.selenium.chrome.ChromeDriver
Capabilities [{applicationCacheEnabled=false, rotatable=false, mobileEmulationEnabled=false, networkConnectionEnabled=false, chrome={chromedriverVersion=2.31.488763 (092de99f48a300323ecf8c2a4e2e7cab51de5ba8), userDataDir=C:\Users\firoz\AppData\Local\Temp\scoped_dir5728_23701}, takesHeapSnapshot=true, pageLoadStrategy=normal, databaseEnabled=false, handlesAlerts=true, hasTouchScreen=false, version=60.0.3112.113, platform=WIN8_1, browserConnectionEnabled=false, nativeEvents=true, acceptSslCerts=true, locationContextEnabled=true, webStorageEnabled=true, browserName=chrome, takesScreenshot=true, javascriptEnabled=true, cssSelectorsEnabled=true, setWindowRect=true, unexpectedAlertBehaviour=}]
Session ID: 4d48b4f6680f3d6905891ed4191b57e4
	at org.openqa.selenium.remote.ErrorHandler.createThrowable(ErrorHandler.java:215)
	at org.openqa.selenium.remote.ErrorHandler.throwIfResponseFailed(ErrorHandler.java:167)
	at org.openqa.selenium.remote.RemoteWebDriver.execute(RemoteWebDriver.java:671)
	at org.openqa.selenium.remote.RemoteWebElement.execute(RemoteWebElement.java:272)
	at org.openqa.selenium.remote.RemoteWebElement.click(RemoteWebElement.java:82)
	at org.openqa.selenium.support.pagefactory.internal.LocatingElementHandler.invoke(LocatingElementHandler.java:51)
	at com.sun.proxy.$Proxy8.click(Unknown Source)
	at pom.pages.SearchPage.search(SearchPage.java:31)
	at testClasses.Search.searchTest(Search.java:39)
... Removed 33 stack frames]]>
    </failure>
  </testcase> <!-- searchTest -->
  <testcase name="searchTest" time="0.081" classname="testClasses.Search">
    <failure type="org.openqa.selenium.WebDriverException" message="unknown error: Element &amp;lt;input type=&amp;quot;search&amp;quot; autocomplete=&amp;quot;off&amp;quot; value=&amp;quot;&amp;quot; placeholder=&amp;quot;Search&amp;quot; name=&amp;quot;mssearch&amp;quot; id=&amp;quot;s&amp;quot; class=&amp;quot;searchbox-input search-box-field&amp;quot; onkeyup=&amp;quot;buttonUp();&amp;quot; required=&amp;quot;&amp;quot;&amp;gt; is not clickable at point (1199, 92). Other element would receive the click: &amp;lt;span class=&amp;quot;searchbox-icon&amp;quot;&amp;gt;&amp;lt;/span&amp;gt;
  (Session info: chrome=60.0.3112.113)
  (Driver info: chromedriver=2.31.488763 (092de99f48a300323ecf8c2a4e2e7cab51de5ba8),platform=Windows NT 6.3.9600 x86_64) (WARNING: The server did not provide any stacktrace information)
Command duration or timeout: 30 milliseconds
Build info: version: &amp;apos;3.4.0&amp;apos;, revision: &amp;apos;unknown&amp;apos;, time: &amp;apos;unknown&amp;apos;
System info: host: &amp;apos;FIROZKHAN&amp;apos;, ip: &amp;apos;169.254.164.196&amp;apos;, os.name: &amp;apos;Windows 8.1&amp;apos;, os.arch: &amp;apos;amd64&amp;apos;, os.version: &amp;apos;6.3&amp;apos;, java.version: &amp;apos;1.8.0_131&amp;apos;
Driver info: org.openqa.selenium.chrome.ChromeDriver
Capabilities [{applicationCacheEnabled=false, rotatable=false, mobileEmulationEnabled=false, networkConnectionEnabled=false, chrome={chromedriverVersion=2.31.488763 (092de99f48a300323ecf8c2a4e2e7cab51de5ba8), userDataDir=C:\Users\firoz\AppData\Local\Temp\scoped_dir5728_23701}, takesHeapSnapshot=true, pageLoadStrategy=normal, databaseEnabled=false, handlesAlerts=true, hasTouchScreen=false, version=60.0.3112.113, platform=WIN8_1, browserConnectionEnabled=false, nativeEvents=true, acceptSslCerts=true, locationContextEnabled=true, webStorageEnabled=true, browserName=chrome, takesScreenshot=true, javascriptEnabled=true, cssSelectorsEnabled=true, setWindowRect=true, unexpectedAlertBehaviour=}]
Session ID: 4d48b4f6680f3d6905891ed4191b57e4">
      <![CDATA[org.openqa.selenium.WebDriverException: unknown error: Element <input type="search" autocomplete="off" value="" placeholder="Search" name="mssearch" id="s" class="searchbox-input search-box-field" onkeyup="buttonUp();" required=""> is not clickable at point (1199, 92). Other element would receive the click: <span class="searchbox-icon"></span>
  (Session info: chrome=60.0.3112.113)
  (Driver info: chromedriver=2.31.488763 (092de99f48a300323ecf8c2a4e2e7cab51de5ba8),platform=Windows NT 6.3.9600 x86_64) (WARNING: The server did not provide any stacktrace information)
Command duration or timeout: 30 milliseconds
Build info: version: '3.4.0', revision: 'unknown', time: 'unknown'
System info: host: 'FIROZKHAN', ip: '169.254.164.196', os.name: 'Windows 8.1', os.arch: 'amd64', os.version: '6.3', java.version: '1.8.0_131'
Driver info: org.openqa.selenium.chrome.ChromeDriver
Capabilities [{applicationCacheEnabled=false, rotatable=false, mobileEmulationEnabled=false, networkConnectionEnabled=false, chrome={chromedriverVersion=2.31.488763 (092de99f48a300323ecf8c2a4e2e7cab51de5ba8), userDataDir=C:\Users\firoz\AppData\Local\Temp\scoped_dir5728_23701}, takesHeapSnapshot=true, pageLoadStrategy=normal, databaseEnabled=false, handlesAlerts=true, hasTouchScreen=false, version=60.0.3112.113, platform=WIN8_1, browserConnectionEnabled=false, nativeEvents=true, acceptSslCerts=true, locationContextEnabled=true, webStorageEnabled=true, browserName=chrome, takesScreenshot=true, javascriptEnabled=true, cssSelectorsEnabled=true, setWindowRect=true, unexpectedAlertBehaviour=}]
Session ID: 4d48b4f6680f3d6905891ed4191b57e4
	at org.openqa.selenium.remote.ErrorHandler.createThrowable(ErrorHandler.java:215)
	at org.openqa.selenium.remote.ErrorHandler.throwIfResponseFailed(ErrorHandler.java:167)
	at org.openqa.selenium.remote.RemoteWebDriver.execute(RemoteWebDriver.java:671)
	at org.openqa.selenium.remote.RemoteWebElement.execute(RemoteWebElement.java:272)
	at org.openqa.selenium.remote.RemoteWebElement.click(RemoteWebElement.java:82)
	at org.openqa.selenium.support.pagefactory.internal.LocatingElementHandler.invoke(LocatingElementHandler.java:51)
	at com.sun.proxy.$Proxy8.click(Unknown Source)
	at pom.pages.SearchPage.search(SearchPage.java:31)
	at testClasses.Search.searchTest(Search.java:39)
... Removed 33 stack frames]]>
    </failure>
  </testcase> <!-- searchTest -->
  <testcase name="gmailLogin" time="34.255" classname="testClasses.SocialLogin"/>
  <testcase name="twitterLogin" time="20.04" classname="testClasses.SocialLogin">
    <failure type="java.lang.AssertionError" message="The following asserts failed:
	expected [Social Sign In | app.oneall.com] but found [Securely sign in to your account | app.oneall.com]">
      <![CDATA[java.lang.AssertionError: The following asserts failed:
	expected [Social Sign In | app.oneall.com] but found [Securely sign in to your account | app.oneall.com]
	at testClasses.SocialLogin.twitterLogin(SocialLogin.java:90)
... Removed 26 stack frames]]>
    </failure>
  </testcase> <!-- twitterLogin -->
  <testcase name="twitterLogin" time="22.225" classname="testClasses.SocialLogin">
    <failure type="java.lang.AssertionError" message="The following asserts failed:
	expected [Social Sign In | app.oneall.com] but found [Securely sign in to your account | app.oneall.com],
	expected [Social Sign In | app.oneall.com] but found [Securely sign in to your account | app.oneall.com]">
      <![CDATA[java.lang.AssertionError: The following asserts failed:
	expected [Social Sign In | app.oneall.com] but found [Securely sign in to your account | app.oneall.com],
	expected [Social Sign In | app.oneall.com] but found [Securely sign in to your account | app.oneall.com]
	at testClasses.SocialLogin.twitterLogin(SocialLogin.java:90)
... Removed 26 stack frames]]>
    </failure>
  </testcase> <!-- twitterLogin -->
  <testcase name="linkdinLogin" time="11.658" classname="testClasses.SocialLogin">
    <failure type="java.lang.AssertionError" message="The following asserts failed:
	expected [Social Sign In | app.oneall.com] but found [Securely sign in to your account | app.oneall.com],
	expected [Social Sign In | app.oneall.com] but found [Securely sign in to your account | app.oneall.com],
	expected [Social Sign In | app.oneall.com] but found [Securely sign in to your account | app.oneall.com]">
      <![CDATA[java.lang.AssertionError: The following asserts failed:
	expected [Social Sign In | app.oneall.com] but found [Securely sign in to your account | app.oneall.com],
	expected [Social Sign In | app.oneall.com] but found [Securely sign in to your account | app.oneall.com],
	expected [Social Sign In | app.oneall.com] but found [Securely sign in to your account | app.oneall.com]
	at testClasses.SocialLogin.linkdinLogin(SocialLogin.java:111)
... Removed 26 stack frames]]>
    </failure>
  </testcase> <!-- linkdinLogin -->
  <testcase name="linkdinLogin" time="9.85" classname="testClasses.SocialLogin">
    <failure type="java.lang.AssertionError" message="The following asserts failed:
	expected [Social Sign In | app.oneall.com] but found [Securely sign in to your account | app.oneall.com],
	expected [Social Sign In | app.oneall.com] but found [Securely sign in to your account | app.oneall.com],
	expected [Social Sign In | app.oneall.com] but found [Securely sign in to your account | app.oneall.com],
	expected [Social Sign In | app.oneall.com] but found [Securely sign in to your account | app.oneall.com]">
      <![CDATA[java.lang.AssertionError: The following asserts failed:
	expected [Social Sign In | app.oneall.com] but found [Securely sign in to your account | app.oneall.com],
	expected [Social Sign In | app.oneall.com] but found [Securely sign in to your account | app.oneall.com],
	expected [Social Sign In | app.oneall.com] but found [Securely sign in to your account | app.oneall.com],
	expected [Social Sign In | app.oneall.com] but found [Securely sign in to your account | app.oneall.com]
	at testClasses.SocialLogin.linkdinLogin(SocialLogin.java:111)
... Removed 26 stack frames]]>
    </failure>
  </testcase> <!-- linkdinLogin -->
  <testcase name="facebookLogin" time="43.332" classname="testClasses.SocialLogin">
    <failure type="java.lang.NullPointerException">
      <![CDATA[java.lang.NullPointerException
	at org.openqa.selenium.support.pagefactory.internal.LocatingElementHandler.invoke(LocatingElementHandler.java:51)
	at com.sun.proxy.$Proxy8.sendKeys(Unknown Source)
	at pom.pages.SocialLoginPage.socialFacebookLogin(SocialLoginPage.java:122)
	at testClasses.SocialLogin.facebookLogin(SocialLogin.java:48)
... Removed 29 stack frames]]>
    </failure>
  </testcase> <!-- facebookLogin -->
  <testcase name="facebookLogin" time="9.516" classname="testClasses.SocialLogin">
    <failure type="org.openqa.selenium.NoSuchWindowException" message="no such window: target window already closed
from unknown error: web view not found
  (Session info: chrome=60.0.3112.113)
  (Driver info: chromedriver=2.31.488763 (092de99f48a300323ecf8c2a4e2e7cab51de5ba8),platform=Windows NT 6.3.9600 x86_64) (WARNING: The server did not provide any stacktrace information)
Command duration or timeout: 3 milliseconds
Build info: version: &amp;apos;3.4.0&amp;apos;, revision: &amp;apos;unknown&amp;apos;, time: &amp;apos;unknown&amp;apos;
System info: host: &amp;apos;FIROZKHAN&amp;apos;, ip: &amp;apos;169.254.164.196&amp;apos;, os.name: &amp;apos;Windows 8.1&amp;apos;, os.arch: &amp;apos;amd64&amp;apos;, os.version: &amp;apos;6.3&amp;apos;, java.version: &amp;apos;1.8.0_131&amp;apos;
Driver info: org.openqa.selenium.chrome.ChromeDriver
Capabilities [{applicationCacheEnabled=false, rotatable=false, mobileEmulationEnabled=false, networkConnectionEnabled=false, chrome={chromedriverVersion=2.31.488763 (092de99f48a300323ecf8c2a4e2e7cab51de5ba8), userDataDir=C:\Users\firoz\AppData\Local\Temp\scoped_dir6660_8120}, takesHeapSnapshot=true, pageLoadStrategy=normal, databaseEnabled=false, handlesAlerts=true, hasTouchScreen=false, version=60.0.3112.113, platform=WIN8_1, browserConnectionEnabled=false, nativeEvents=true, acceptSslCerts=true, locationContextEnabled=true, webStorageEnabled=true, browserName=chrome, takesScreenshot=true, javascriptEnabled=true, cssSelectorsEnabled=true, setWindowRect=true, unexpectedAlertBehaviour=}]
Session ID: 20b4dc82f18987b9671a26c5fdfabd94">
      <![CDATA[org.openqa.selenium.NoSuchWindowException: no such window: target window already closed
from unknown error: web view not found
  (Session info: chrome=60.0.3112.113)
  (Driver info: chromedriver=2.31.488763 (092de99f48a300323ecf8c2a4e2e7cab51de5ba8),platform=Windows NT 6.3.9600 x86_64) (WARNING: The server did not provide any stacktrace information)
Command duration or timeout: 3 milliseconds
Build info: version: '3.4.0', revision: 'unknown', time: 'unknown'
System info: host: 'FIROZKHAN', ip: '169.254.164.196', os.name: 'Windows 8.1', os.arch: 'amd64', os.version: '6.3', java.version: '1.8.0_131'
Driver info: org.openqa.selenium.chrome.ChromeDriver
Capabilities [{applicationCacheEnabled=false, rotatable=false, mobileEmulationEnabled=false, networkConnectionEnabled=false, chrome={chromedriverVersion=2.31.488763 (092de99f48a300323ecf8c2a4e2e7cab51de5ba8), userDataDir=C:\Users\firoz\AppData\Local\Temp\scoped_dir6660_8120}, takesHeapSnapshot=true, pageLoadStrategy=normal, databaseEnabled=false, handlesAlerts=true, hasTouchScreen=false, version=60.0.3112.113, platform=WIN8_1, browserConnectionEnabled=false, nativeEvents=true, acceptSslCerts=true, locationContextEnabled=true, webStorageEnabled=true, browserName=chrome, takesScreenshot=true, javascriptEnabled=true, cssSelectorsEnabled=true, setWindowRect=true, unexpectedAlertBehaviour=}]
Session ID: 20b4dc82f18987b9671a26c5fdfabd94
	at org.openqa.selenium.remote.ErrorHandler.createThrowable(ErrorHandler.java:215)
	at org.openqa.selenium.remote.ErrorHandler.throwIfResponseFailed(ErrorHandler.java:167)
	at org.openqa.selenium.remote.RemoteWebDriver.execute(RemoteWebDriver.java:671)
	at org.openqa.selenium.remote.RemoteWebDriver.execute(RemoteWebDriver.java:694)
	at org.openqa.selenium.remote.RemoteWebDriver.getWindowHandle(RemoteWebDriver.java:554)
	at pom.utils.PageActions.switchToChildWindow(PageActions.java:119)
	at pom.pages.SocialLoginPage.socialFacebookLogin(SocialLoginPage.java:120)
	at testClasses.SocialLogin.facebookLogin(SocialLogin.java:48)
... Removed 29 stack frames]]>
    </failure>
  </testcase> <!-- facebookLogin -->
</testsuite> <!-- Test -->
