<?xml version="1.0" encoding="UTF-8"?>
<!-- Generated by org.testng.reporters.JUnitXMLReporter -->
<testsuite hostname="firozkhan" ignored="0" name="Test3" tests="7" failures="6" timestamp="20 Sep 2017 09:41:35 GMT" time="158.405" errors="0">
  <testcase name="gmailLogin" time="38.088" classname="testClasses.SocialLogin"/>
  <testcase name="twitterLogin" time="33.359" classname="testClasses.SocialLogin">
    <failure type="java.lang.AssertionError" message="The following asserts failed:
	expected [Social Sign In | app.oneall.com] but found [Securely sign in to your account | app.oneall.com]">
      <![CDATA[java.lang.AssertionError: The following asserts failed:
	expected [Social Sign In | app.oneall.com] but found [Securely sign in to your account | app.oneall.com]
	at testClasses.SocialLogin.twitterLogin(SocialLogin.java:90)
... Removed 26 stack frames]]>
    </failure>
  </testcase> <!-- twitterLogin -->
  <testcase name="twitterLogin" time="29.823" classname="testClasses.SocialLogin">
    <failure type="java.lang.AssertionError" message="The following asserts failed:
	expected [Social Sign In | app.oneall.com] but found [Securely sign in to your account | app.oneall.com],
	expected [Social Sign In | app.oneall.com] but found [Securely sign in to your account | app.oneall.com]">
      <![CDATA[java.lang.AssertionError: The following asserts failed:
	expected [Social Sign In | app.oneall.com] but found [Securely sign in to your account | app.oneall.com],
	expected [Social Sign In | app.oneall.com] but found [Securely sign in to your account | app.oneall.com]
	at testClasses.SocialLogin.twitterLogin(SocialLogin.java:90)
... Removed 26 stack frames]]>
    </failure>
  </testcase> <!-- twitterLogin -->
  <testcase name="linkdinLogin" time="12.02" classname="testClasses.SocialLogin">
    <failure type="java.lang.AssertionError" message="The following asserts failed:
	expected [Social Sign In | app.oneall.com] but found [Securely sign in to your account | app.oneall.com],
	expected [Social Sign In | app.oneall.com] but found [Securely sign in to your account | app.oneall.com],
	expected [Social Sign In | app.oneall.com] but found [Securely sign in to your account | app.oneall.com]">
      <![CDATA[java.lang.AssertionError: The following asserts failed:
	expected [Social Sign In | app.oneall.com] but found [Securely sign in to your account | app.oneall.com],
	expected [Social Sign In | app.oneall.com] but found [Securely sign in to your account | app.oneall.com],
	expected [Social Sign In | app.oneall.com] but found [Securely sign in to your account | app.oneall.com]
	at testClasses.SocialLogin.linkdinLogin(SocialLogin.java:111)
... Removed 26 stack frames]]>
    </failure>
  </testcase> <!-- linkdinLogin -->
  <testcase name="linkdinLogin" time="10.154" classname="testClasses.SocialLogin">
    <failure type="java.lang.AssertionError" message="The following asserts failed:
	expected [Social Sign In | app.oneall.com] but found [Securely sign in to your account | app.oneall.com],
	expected [Social Sign In | app.oneall.com] but found [Securely sign in to your account | app.oneall.com],
	expected [Social Sign In | app.oneall.com] but found [Securely sign in to your account | app.oneall.com],
	expected [Social Sign In | app.oneall.com] but found [Securely sign in to your account | app.oneall.com]">
      <![CDATA[java.lang.AssertionError: The following asserts failed:
	expected [Social Sign In | app.oneall.com] but found [Securely sign in to your account | app.oneall.com],
	expected [Social Sign In | app.oneall.com] but found [Securely sign in to your account | app.oneall.com],
	expected [Social Sign In | app.oneall.com] but found [Securely sign in to your account | app.oneall.com],
	expected [Social Sign In | app.oneall.com] but found [Securely sign in to your account | app.oneall.com]
	at testClasses.SocialLogin.linkdinLogin(SocialLogin.java:111)
... Removed 26 stack frames]]>
    </failure>
  </testcase> <!-- linkdinLogin -->
  <testcase name="facebookLogin" time="10.087" classname="testClasses.SocialLogin">
    <failure type="java.lang.AssertionError" message="The following asserts failed:
	expected [Social Sign In | app.oneall.com] but found [Securely sign in to your account | app.oneall.com],
	expected [Social Sign In | app.oneall.com] but found [Securely sign in to your account | app.oneall.com],
	expected [Social Sign In | app.oneall.com] but found [Securely sign in to your account | app.oneall.com],
	expected [Social Sign In | app.oneall.com] but found [Securely sign in to your account | app.oneall.com],
	expected [Social Sign In | app.oneall.com] but found [Securely sign in to your account | app.oneall.com]">
      <![CDATA[java.lang.AssertionError: The following asserts failed:
	expected [Social Sign In | app.oneall.com] but found [Securely sign in to your account | app.oneall.com],
	expected [Social Sign In | app.oneall.com] but found [Securely sign in to your account | app.oneall.com],
	expected [Social Sign In | app.oneall.com] but found [Securely sign in to your account | app.oneall.com],
	expected [Social Sign In | app.oneall.com] but found [Securely sign in to your account | app.oneall.com],
	expected [Social Sign In | app.oneall.com] but found [Securely sign in to your account | app.oneall.com]
	at testClasses.SocialLogin.facebookLogin(SocialLogin.java:51)
... Removed 26 stack frames]]>
    </failure>
  </testcase> <!-- facebookLogin -->
  <testcase name="facebookLogin" time="10.18" classname="testClasses.SocialLogin">
    <failure type="java.lang.AssertionError" message="The following asserts failed:
	expected [Social Sign In | app.oneall.com] but found [Securely sign in to your account | app.oneall.com],
	expected [Social Sign In | app.oneall.com] but found [Securely sign in to your account | app.oneall.com],
	expected [Social Sign In | app.oneall.com] but found [Securely sign in to your account | app.oneall.com],
	expected [Social Sign In | app.oneall.com] but found [Securely sign in to your account | app.oneall.com],
	expected [Social Sign In | app.oneall.com] but found [Securely sign in to your account | app.oneall.com],
	expected [Social Sign In | app.oneall.com] but found [Securely sign in to your account | app.oneall.com]">
      <![CDATA[java.lang.AssertionError: The following asserts failed:
	expected [Social Sign In | app.oneall.com] but found [Securely sign in to your account | app.oneall.com],
	expected [Social Sign In | app.oneall.com] but found [Securely sign in to your account | app.oneall.com],
	expected [Social Sign In | app.oneall.com] but found [Securely sign in to your account | app.oneall.com],
	expected [Social Sign In | app.oneall.com] but found [Securely sign in to your account | app.oneall.com],
	expected [Social Sign In | app.oneall.com] but found [Securely sign in to your account | app.oneall.com],
	expected [Social Sign In | app.oneall.com] but found [Securely sign in to your account | app.oneall.com]
	at testClasses.SocialLogin.facebookLogin(SocialLogin.java:51)
... Removed 26 stack frames]]>
    </failure>
  </testcase> <!-- facebookLogin -->
</testsuite> <!-- Test3 -->
