<?xml version="1.0" encoding="UTF-8"?>
<!-- Generated by org.testng.reporters.JUnitXMLReporter -->
<testsuite hostname="firozkhan" ignored="0" name="Test2" tests="4" failures="0" timestamp="20 Sep 2017 10:45:04 GMT" time="12.399" errors="0">
  <testcase name="@BeforeTest beforeTest" time="12.111" classname="testClasses.Search">
    <failure type="org.openqa.selenium.WebDriverException" message="Failed to decode response from marionette
Build info: version: &amp;apos;3.4.0&amp;apos;, revision: &amp;apos;unknown&amp;apos;, time: &amp;apos;unknown&amp;apos;
System info: host: &amp;apos;FIROZKHAN&amp;apos;, ip: &amp;apos;169.254.164.196&amp;apos;, os.name: &amp;apos;Windows 8.1&amp;apos;, os.arch: &amp;apos;amd64&amp;apos;, os.version: &amp;apos;6.3&amp;apos;, java.version: &amp;apos;1.8.0_131&amp;apos;
Driver info: org.openqa.selenium.firefox.FirefoxDriver
Capabilities [{moz:profile=C:\Users\firoz\AppData\Local\Temp\rust_mozprofile.LIvWFaRYFT5m, rotatable=false, timeouts={implicit=0.0, pageLoad=300000.0, script=30000.0}, pageLoadStrategy=normal, platform=ANY, specificationLevel=0.0, moz:accessibilityChecks=false, acceptInsecureCerts=false, browserVersion=55.0.3, platformVersion=6.3, moz:processID=5864.0, browserName=firefox, javascriptEnabled=true, platformName=windows_nt}]
Session ID: e24713a7-0a30-4353-98c6-df271bbdd961">
      <![CDATA[org.openqa.selenium.WebDriverException: Failed to decode response from marionette
Build info: version: '3.4.0', revision: 'unknown', time: 'unknown'
System info: host: 'FIROZKHAN', ip: '169.254.164.196', os.name: 'Windows 8.1', os.arch: 'amd64', os.version: '6.3', java.version: '1.8.0_131'
Driver info: org.openqa.selenium.firefox.FirefoxDriver
Capabilities [{moz:profile=C:\Users\firoz\AppData\Local\Temp\rust_mozprofile.LIvWFaRYFT5m, rotatable=false, timeouts={implicit=0.0, pageLoad=300000.0, script=30000.0}, pageLoadStrategy=normal, platform=ANY, specificationLevel=0.0, moz:accessibilityChecks=false, acceptInsecureCerts=false, browserVersion=55.0.3, platformVersion=6.3, moz:processID=5864.0, browserName=firefox, javascriptEnabled=true, platformName=windows_nt}]
Session ID: e24713a7-0a30-4353-98c6-df271bbdd961
	at org.openqa.selenium.remote.http.W3CHttpResponseCodec.createException(W3CHttpResponseCodec.java:150)
	at org.openqa.selenium.remote.http.W3CHttpResponseCodec.decode(W3CHttpResponseCodec.java:115)
	at org.openqa.selenium.remote.http.W3CHttpResponseCodec.decode(W3CHttpResponseCodec.java:45)
	at org.openqa.selenium.remote.HttpCommandExecutor.execute(HttpCommandExecutor.java:164)
	at org.openqa.selenium.remote.service.DriverCommandExecutor.execute(DriverCommandExecutor.java:82)
	at org.openqa.selenium.remote.RemoteWebDriver.execute(RemoteWebDriver.java:637)
	at org.openqa.selenium.remote.RemoteWebDriver.get(RemoteWebDriver.java:364)
	at testClasses.Search.beforeTest(Search.java:31)
... Removed 27 stack frames]]>
    </failure>
  </testcase> <!-- @BeforeTest beforeTest -->
  <testcase name="@AfterTest afterTest" time="0.0" classname="testClasses.Search">
    <skipped/>
  </testcase> <!-- @AfterTest afterTest -->
  <testcase name="searchTest" time="0.0" classname="testClasses.Search">
    <skipped/>
  </testcase> <!-- searchTest -->
  <testcase name="searchTest" time="0.0" classname="testClasses.Search">
    <skipped/>
  </testcase> <!-- searchTest -->
  <testcase name="searchTest" time="0.0" classname="testClasses.Search">
    <skipped/>
  </testcase> <!-- searchTest -->
  <testcase name="searchTest" time="0.001" classname="testClasses.Search">
    <skipped/>
  </testcase> <!-- searchTest -->
</testsuite> <!-- Test2 -->
